<?xml version="1.0" encoding="UTF-8"?>
<testsuite xmlns:xsi="http://www.w3.org/2001/XMLSchema-instance" xsi:noNamespaceSchemaLocation="https://maven.apache.org/surefire/maven-failsafe-plugin/xsd/failsafe-test-report-3.0.xsd" version="3.0" name="TestPackage.CarTest" time="46.889" tests="4" errors="0" skipped="0" failures="0">
  <properties>
[...]
</properties>
  <testcase name="testClickOnBrand[0]" classname="TestPackage.CarTest" time="1.98">
    <system-out><![CDATA[09:07:22.264 [main] DEBUG net.thucydides.core.guice.Injectors - Created injector for module net.thucydides.core.guice.webdriver.WebDriverModule
09:07:22.769 [main] DEBUG net.thucydides.core.guice.Injectors - Created injector for module net.thucydides.core.guice.ThucydidesModule
09:07:24.202 [main] DEBUG net.thucydides.core.reports.ReportService - Reporting formats: [JSON, HTML]
09:07:24.560 [main] DEBUG net.thucydides.core.reports.ReportService - Reporting formats: [JSON, HTML]
09:07:24.571 [main] DEBUG net.thucydides.core.reports.ReportService - Reporting formats: [JSON, HTML]
09:07:24.572 [main] DEBUG net.thucydides.core.reports.ReportService - Reporting formats: [JSON, HTML]
09:07:24.685 [main] INFO  - 

-------------------------------------------------------------------------------------
     _______. _______ .______       _______ .__   __.  __  .___________.____    ____ 
    /       ||   ____||   _  \     |   ____||  \ |  | |  | |           |\   \  /   / 
   |   (----`|  |__   |  |_)  |    |  |__   |   \|  | |  | `---|  |----` \   \/   /  
    \   \    |   __|  |      /     |   __|  |  . `  | |  |     |  |       \_    _/   
.----)   |   |  |____ |  |\  \----.|  |____ |  |\   | |  |     |  |         |  |     
|_______/    |_______|| _| `._____||_______||__| \__| |__|     |__|         |__|    
                                                                                     
 News and tutorials at http://www.serenity-bdd.info                                  
 Documentation at https://wakaleo.gitbooks.io/the-serenity-book/content/             
 Join the Serenity Community on Gitter: https://gitter.im/serenity-bdd/serenity-core 
 Serenity BDD Support and Training at http://serenity-bdd.info/#/trainingandsupport  
-------------------------------------------------------------------------------------

09:07:24.692 [main] DEBUG net.thucydides.core.steps.StepEventBus - Test suite started for class TestPackage.CarTest
09:07:24.696 [main] INFO  - Test Suite Started: Car test
09:07:24.808 [main] INFO  - 
  _____   ___   ___   _____     ___   _____     _     ___   _____   ___   ___  
 |_   _| | __| / __| |_   _|   / __| |_   _|   /_\   | _ \ |_   _| | __| |   \ 
   | |   | _|  \__ \   | |     \__ \   | |    / _ \  |   /   | |   | _|  | |) |
   |_|   |___| |___/   |_|     |___/   |_|   /_/ \_\ |_|_\   |_|   |___| |___/ 

testClickOnBrand[0]
--------------------------------------------------------------------------------
09:07:26.515 [main] DEBUG net.thucydides.core.steps.StepInterceptor - STARTING STEP: CarTest.testClickOnBrand - stepsClickOnMarutiSuzuki
09:07:26.669 [main] DEBUG net.thucydides.core.steps.StepInterceptor - STEP DONE: stepsClickOnMarutiSuzuki
]]></system-out>
  </testcase>
  <testcase name="testFindNewCars[0]" classname="TestPackage.CarTest" time="20.104">
    <system-out><![CDATA[09:07:26.672 [main] INFO  - 
  _____   ___   ___   _____     ___     _     ___   ___   ___   ___  
 |_   _| | __| / __| |_   _|   | _ \   /_\   / __| / __| | __| |   \ 
   | |   | _|  \__ \   | |     |  _/  / _ \  \__ \ \__ \ | _|  | |) |
   |_|   |___| |___/   |_|     |_|   /_/ \_\ |___/ |___/ |___| |___/ 

Test click on brand
----------------------------------------------------------------------
09:07:26.690 [main] DEBUG net.thucydides.core.requirements.PackageRequirementsTagProvider - Loading requirements from package requirements at: TestPackage
09:07:26.957 [main] INFO  - 
  _____   ___   ___   _____     ___   _____     _     ___   _____   ___   ___  
 |_   _| | __| / __| |_   _|   / __| |_   _|   /_\   | _ \ |_   _| | __| |   \ 
   | |   | _|  \__ \   | |     \__ \   | |    / _ \  |   /   | |   | _|  | |) |
   |_|   |___| |___/   |_|     |___/   |_|   /_/ \_\ |_|_\   |_|   |___| |___/ 

testFindNewCars[0]
--------------------------------------------------------------------------------
09:07:26.963 [main] DEBUG net.thucydides.core.steps.StepInterceptor - STARTING STEP: CarTest.testFindNewCars - stepsFindNewCars
09:07:27.068 [main] INFO net.serenitybdd.core.webdriver.driverproviders.DriverProvider - Using WebDriverManager configuration for chrome
09:07:28.285 [main] DEBUG io.github.bonigarcia.wdm.cache.ResolutionCache - Removing resolution chrome=106 from cache (expired on Thu Oct 27 11:06:39 IST 2022)
09:07:28.306 [main] DEBUG org.apache.hc.client5.http.impl.classic.InternalHttpClient - ex-0000000001 preparing request execution
09:07:28.315 [main] DEBUG org.apache.hc.client5.http.protocol.RequestAddCookies - ex-0000000001 Cookie spec selected: strict
09:07:28.321 [main] DEBUG org.apache.hc.client5.http.protocol.RequestAuthCache - ex-0000000001 Auth cache not set in the context
09:07:28.321 [main] DEBUG org.apache.hc.client5.http.impl.classic.ProtocolExec - ex-0000000001 target auth state: UNCHALLENGED
09:07:28.322 [main] DEBUG org.apache.hc.client5.http.impl.classic.ProtocolExec - ex-0000000001 proxy auth state: UNCHALLENGED
09:07:28.322 [main] DEBUG org.apache.hc.client5.http.impl.classic.ConnectExec - ex-0000000001 acquiring connection with route {s}->https://raw.githubusercontent.com:443
09:07:28.322 [main] DEBUG org.apache.hc.client5.http.impl.classic.InternalHttpClient - ex-0000000001 acquiring endpoint (3 MINUTES)
09:07:28.323 [main] DEBUG org.apache.hc.client5.http.impl.io.PoolingHttpClientConnectionManager - ex-0000000001 endpoint lease request (3 MINUTES) [route: {s}->https://raw.githubusercontent.com:443][total available: 0; route allocated: 0 of 5; total allocated: 0 of 25]
09:07:28.328 [main] DEBUG org.apache.hc.client5.http.impl.io.PoolingHttpClientConnectionManager - ex-0000000001 endpoint leased [route: {s}->https://raw.githubusercontent.com:443][total available: 0; route allocated: 1 of 5; total allocated: 1 of 25]
09:07:28.372 [main] DEBUG org.apache.hc.client5.http.impl.io.PoolingHttpClientConnectionManager - ex-0000000001 acquired ep-0000000000
09:07:28.372 [main] DEBUG org.apache.hc.client5.http.impl.classic.InternalHttpClient - ex-0000000001 acquired endpoint ep-0000000000
09:07:28.373 [main] DEBUG org.apache.hc.client5.http.impl.classic.ConnectExec - ex-0000000001 opening connection {s}->https://raw.githubusercontent.com:443
09:07:28.374 [main] DEBUG org.apache.hc.client5.http.impl.classic.InternalHttpClient - ep-0000000000 connecting endpoint (30 SECONDS)
09:07:28.374 [main] DEBUG org.apache.hc.client5.http.impl.io.PoolingHttpClientConnectionManager - ep-0000000000 connecting endpoint to https://raw.githubusercontent.com:443 (30 SECONDS)
09:07:28.513 [main] DEBUG org.apache.hc.client5.http.impl.io.DefaultHttpClientConnectionOperator - http-outgoing-0 connecting to raw.githubusercontent.com/185.199.108.133:443
09:07:28.513 [main] DEBUG org.apache.hc.client5.http.ssl.SSLConnectionSocketFactory - Connecting socket to raw.githubusercontent.com/185.199.108.133:443 with timeout 30 SECONDS
09:07:28.605 [main] DEBUG org.apache.hc.client5.http.ssl.SSLConnectionSocketFactory - Enabled protocols: [TLSv1.2]
09:07:28.606 [main] DEBUG org.apache.hc.client5.http.ssl.SSLConnectionSocketFactory - Enabled cipher suites: [TLS_ECDHE_ECDSA_WITH_AES_256_GCM_SHA384, TLS_ECDHE_ECDSA_WITH_AES_128_GCM_SHA256, TLS_ECDHE_RSA_WITH_AES_256_GCM_SHA384, TLS_RSA_WITH_AES_256_GCM_SHA384, TLS_ECDH_ECDSA_WITH_AES_256_GCM_SHA384, TLS_ECDH_RSA_WITH_AES_256_GCM_SHA384, TLS_DHE_RSA_WITH_AES_256_GCM_SHA384, TLS_DHE_DSS_WITH_AES_256_GCM_SHA384, TLS_ECDHE_RSA_WITH_AES_128_GCM_SHA256, TLS_RSA_WITH_AES_128_GCM_SHA256, TLS_ECDH_ECDSA_WITH_AES_128_GCM_SHA256, TLS_ECDH_RSA_WITH_AES_128_GCM_SHA256, TLS_DHE_RSA_WITH_AES_128_GCM_SHA256, TLS_DHE_DSS_WITH_AES_128_GCM_SHA256, TLS_ECDHE_ECDSA_WITH_AES_256_CBC_SHA384, TLS_ECDHE_RSA_WITH_AES_256_CBC_SHA384, TLS_RSA_WITH_AES_256_CBC_SHA256, TLS_ECDH_ECDSA_WITH_AES_256_CBC_SHA384, TLS_ECDH_RSA_WITH_AES_256_CBC_SHA384, TLS_DHE_RSA_WITH_AES_256_CBC_SHA256, TLS_DHE_DSS_WITH_AES_256_CBC_SHA256, TLS_ECDHE_ECDSA_WITH_AES_256_CBC_SHA, TLS_ECDHE_RSA_WITH_AES_256_CBC_SHA, TLS_RSA_WITH_AES_256_CBC_SHA, TLS_ECDH_ECDSA_WITH_AES_256_CBC_SHA, TLS_ECDH_RSA_WITH_AES_256_CBC_SHA, TLS_DHE_RSA_WITH_AES_256_CBC_SHA, TLS_DHE_DSS_WITH_AES_256_CBC_SHA, TLS_ECDHE_ECDSA_WITH_AES_128_CBC_SHA256, TLS_ECDHE_RSA_WITH_AES_128_CBC_SHA256, TLS_RSA_WITH_AES_128_CBC_SHA256, TLS_ECDH_ECDSA_WITH_AES_128_CBC_SHA256, TLS_ECDH_RSA_WITH_AES_128_CBC_SHA256, TLS_DHE_RSA_WITH_AES_128_CBC_SHA256, TLS_DHE_DSS_WITH_AES_128_CBC_SHA256, TLS_ECDHE_ECDSA_WITH_AES_128_CBC_SHA, TLS_ECDHE_RSA_WITH_AES_128_CBC_SHA, TLS_RSA_WITH_AES_128_CBC_SHA, TLS_ECDH_ECDSA_WITH_AES_128_CBC_SHA, TLS_ECDH_RSA_WITH_AES_128_CBC_SHA, TLS_DHE_RSA_WITH_AES_128_CBC_SHA, TLS_DHE_DSS_WITH_AES_128_CBC_SHA, TLS_EMPTY_RENEGOTIATION_INFO_SCSV]
09:07:28.606 [main] DEBUG org.apache.hc.client5.http.ssl.SSLConnectionSocketFactory - Starting handshake
09:07:28.796 [main] DEBUG org.apache.hc.client5.http.ssl.SSLConnectionSocketFactory - Secure session established
09:07:28.796 [main] DEBUG org.apache.hc.client5.http.ssl.SSLConnectionSocketFactory -  negotiated protocol: TLSv1.2
09:07:28.796 [main] DEBUG org.apache.hc.client5.http.ssl.SSLConnectionSocketFactory -  negotiated cipher suite: TLS_ECDHE_RSA_WITH_AES_256_GCM_SHA384
09:07:28.796 [main] DEBUG org.apache.hc.client5.http.ssl.SSLConnectionSocketFactory -  peer principal: CN=raw.githubusercontent.com
09:07:28.797 [main] DEBUG org.apache.hc.client5.http.ssl.SSLConnectionSocketFactory -  peer alternative names: [raw.githubusercontent.com]
09:07:28.797 [main] DEBUG org.apache.hc.client5.http.ssl.SSLConnectionSocketFactory -  issuer principal: EMAILADDRESS=certadmin@netskope.com, CN=ca.citiustech-wsg.goskope.com, OU=18007e6f7c2ed0f45e6c2dde0b260e1d, O=CitiusTech Healthcare Technology Pvt Ltd, L=Mumbai, ST=MH, C=IN
09:07:28.798 [main] DEBUG org.apache.hc.client5.http.impl.io.DefaultHttpClientConnectionOperator - http-outgoing-0 connection established 192.168.1.175:50182<->185.199.108.133:443
09:07:28.798 [main] DEBUG org.apache.hc.client5.http.impl.io.PoolingHttpClientConnectionManager - ep-0000000000 connected http-outgoing-0
09:07:28.798 [main] DEBUG org.apache.hc.client5.http.impl.classic.InternalHttpClient - ep-0000000000 endpoint connected
09:07:28.799 [main] DEBUG org.apache.hc.client5.http.impl.classic.MainClientExec - ex-0000000001 executing GET /bonigarcia/webdrivermanager/master/src/main/resources/commands.properties HTTP/1.1
09:07:28.799 [main] DEBUG org.apache.hc.client5.http.impl.classic.InternalHttpClient - ep-0000000000 start execution ex-0000000001
09:07:28.799 [main] DEBUG org.apache.hc.client5.http.impl.io.PoolingHttpClientConnectionManager - ep-0000000000 executing exchange ex-0000000001 over http-outgoing-0
09:07:28.799 [main] DEBUG org.apache.hc.client5.http.headers - http-outgoing-0 >> GET /bonigarcia/webdrivermanager/master/src/main/resources/commands.properties HTTP/1.1
09:07:28.799 [main] DEBUG org.apache.hc.client5.http.headers - http-outgoing-0 >> user-agent: Apache-HttpClient/5.0
09:07:28.799 [main] DEBUG org.apache.hc.client5.http.headers - http-outgoing-0 >> accept-encoding: gzip, deflate, br
09:07:28.799 [main] DEBUG org.apache.hc.client5.http.headers - http-outgoing-0 >> cache-control: max-age=0
09:07:28.799 [main] DEBUG org.apache.hc.client5.http.headers - http-outgoing-0 >> connection: keep-alive
09:07:28.800 [main] DEBUG org.apache.hc.client5.http.headers - http-outgoing-0 >> Host: raw.githubusercontent.com
09:07:28.800 [main] DEBUG org.apache.hc.client5.http.wire - http-outgoing-0 >> "GET /bonigarcia/webdrivermanager/master/src/main/resources/commands.properties HTTP/1.1[\r][\n]"
09:07:28.800 [main] DEBUG org.apache.hc.client5.http.wire - http-outgoing-0 >> "user-agent: Apache-HttpClient/5.0[\r][\n]"
09:07:28.800 [main] DEBUG org.apache.hc.client5.http.wire - http-outgoing-0 >> "accept-encoding: gzip, deflate, br[\r][\n]"
09:07:28.800 [main] DEBUG org.apache.hc.client5.http.wire - http-outgoing-0 >> "cache-control: max-age=0[\r][\n]"
09:07:28.800 [main] DEBUG org.apache.hc.client5.http.wire - http-outgoing-0 >> "connection: keep-alive[\r][\n]"
09:07:28.800 [main] DEBUG org.apache.hc.client5.http.wire - http-outgoing-0 >> "Host: raw.githubusercontent.com[\r][\n]"
09:07:28.800 [main] DEBUG org.apache.hc.client5.http.wire - http-outgoing-0 >> "[\r][\n]"
09:07:28.874 [main] DEBUG org.apache.hc.client5.http.wire - http-outgoing-0 << "HTTP/1.1 200 OK[\r][\n]"
09:07:28.874 [main] DEBUG org.apache.hc.client5.http.wire - http-outgoing-0 << "Connection: keep-alive[\r][\n]"
09:07:28.874 [main] DEBUG org.apache.hc.client5.http.wire - http-outgoing-0 << "Cache-Control: max-age=300[\r][\n]"
09:07:28.874 [main] DEBUG org.apache.hc.client5.http.wire - http-outgoing-0 << "Content-Security-Policy: default-src 'none'; style-src 'unsafe-inline'; sandbox[\r][\n]"
09:07:28.874 [main] DEBUG org.apache.hc.client5.http.wire - http-outgoing-0 << "Content-Type: text/plain; charset=utf-8[\r][\n]"
09:07:28.874 [main] DEBUG org.apache.hc.client5.http.wire - http-outgoing-0 << "ETag: W/"e82b438271e9e8680c688b0b680efd0bdd22faa6d6f0a32fc1fd8accc486b67e"[\r][\n]"
09:07:28.874 [main] DEBUG org.apache.hc.client5.http.wire - http-outgoing-0 << "Strict-Transport-Security: max-age=31536000[\r][\n]"
09:07:28.874 [main] DEBUG org.apache.hc.client5.http.wire - http-outgoing-0 << "X-Content-Type-Options: nosniff[\r][\n]"
09:07:28.874 [main] DEBUG org.apache.hc.client5.http.wire - http-outgoing-0 << "X-Frame-Options: deny[\r][\n]"
09:07:28.874 [main] DEBUG org.apache.hc.client5.http.wire - http-outgoing-0 << "X-XSS-Protection: 1; mode=block[\r][\n]"
09:07:28.874 [main] DEBUG org.apache.hc.client5.http.wire - http-outgoing-0 << "X-GitHub-Request-Id: 0801:5AFB:29E96:4B2AB:633B666A[\r][\n]"
09:07:28.874 [main] DEBUG org.apache.hc.client5.http.wire - http-outgoing-0 << "Content-Encoding: gzip[\r][\n]"
09:07:28.875 [main] DEBUG org.apache.hc.client5.http.wire - http-outgoing-0 << "Accept-Ranges: bytes[\r][\n]"
09:07:28.875 [main] DEBUG org.apache.hc.client5.http.wire - http-outgoing-0 << "Date: Fri, 28 Oct 2022 03:37:29 GMT[\r][\n]"
09:07:28.875 [main] DEBUG org.apache.hc.client5.http.wire - http-outgoing-0 << "Via: 1.1 varnish[\r][\n]"
09:07:28.875 [main] DEBUG org.apache.hc.client5.http.wire - http-outgoing-0 << "X-Served-By: cache-bom4727-BOM[\r][\n]"
09:07:28.875 [main] DEBUG org.apache.hc.client5.http.wire - http-outgoing-0 << "X-Cache: HIT[\r][\n]"
09:07:28.875 [main] DEBUG org.apache.hc.client5.http.wire - http-outgoing-0 << "X-Cache-Hits: 1[\r][\n]"
09:07:28.875 [main] DEBUG org.apache.hc.client5.http.wire - http-outgoing-0 << "X-Timer: S1666928249.401534,VS0,VE2[\r][\n]"
09:07:28.875 [main] DEBUG org.apache.hc.client5.http.wire - http-outgoing-0 << "Vary: Authorization,Accept-Encoding,Origin[\r][\n]"
09:07:28.875 [main] DEBUG org.apache.hc.client5.http.wire - http-outgoing-0 << "Access-Control-Allow-Origin: *[\r][\n]"
09:07:28.875 [main] DEBUG org.apache.hc.client5.http.wire - http-outgoing-0 << "X-Fastly-Request-ID: 31f7308fa84877594306be88eba70607517ca895[\r][\n]"
09:07:28.875 [main] DEBUG org.apache.hc.client5.http.wire - http-outgoing-0 << "Expires: Fri, 28 Oct 2022 03:42:29 GMT[\r][\n]"
09:07:28.875 [main] DEBUG org.apache.hc.client5.http.wire - http-outgoing-0 << "Source-Age: 110[\r][\n]"
09:07:28.875 [main] DEBUG org.apache.hc.client5.http.wire - http-outgoing-0 << "Content-Length: 723[\r][\n]"
09:07:28.875 [main] DEBUG org.apache.hc.client5.http.wire - http-outgoing-0 << "[\r][\n]"
09:07:28.879 [main] DEBUG org.apache.hc.client5.http.headers - http-outgoing-0 << HTTP/1.1 200 OK
09:07:28.879 [main] DEBUG org.apache.hc.client5.http.headers - http-outgoing-0 << Connection: keep-alive
09:07:28.879 [main] DEBUG org.apache.hc.client5.http.headers - http-outgoing-0 << Cache-Control: max-age=300
09:07:28.879 [main] DEBUG org.apache.hc.client5.http.headers - http-outgoing-0 << Content-Security-Policy: default-src 'none'; style-src 'unsafe-inline'; sandbox
09:07:28.879 [main] DEBUG org.apache.hc.client5.http.headers - http-outgoing-0 << Content-Type: text/plain; charset=utf-8
09:07:28.879 [main] DEBUG org.apache.hc.client5.http.headers - http-outgoing-0 << ETag: W/"e82b438271e9e8680c688b0b680efd0bdd22faa6d6f0a32fc1fd8accc486b67e"
09:07:28.879 [main] DEBUG org.apache.hc.client5.http.headers - http-outgoing-0 << Strict-Transport-Security: max-age=31536000
09:07:28.879 [main] DEBUG org.apache.hc.client5.http.headers - http-outgoing-0 << X-Content-Type-Options: nosniff
09:07:28.879 [main] DEBUG org.apache.hc.client5.http.headers - http-outgoing-0 << X-Frame-Options: deny
09:07:28.879 [main] DEBUG org.apache.hc.client5.http.headers - http-outgoing-0 << X-XSS-Protection: 1; mode=block
09:07:28.879 [main] DEBUG org.apache.hc.client5.http.headers - http-outgoing-0 << X-GitHub-Request-Id: 0801:5AFB:29E96:4B2AB:633B666A
09:07:28.879 [main] DEBUG org.apache.hc.client5.http.headers - http-outgoing-0 << Content-Encoding: gzip
09:07:28.879 [main] DEBUG org.apache.hc.client5.http.headers - http-outgoing-0 << Accept-Ranges: bytes
09:07:28.879 [main] DEBUG org.apache.hc.client5.http.headers - http-outgoing-0 << Date: Fri, 28 Oct 2022 03:37:29 GMT
09:07:28.880 [main] DEBUG org.apache.hc.client5.http.headers - http-outgoing-0 << Via: 1.1 varnish
09:07:28.880 [main] DEBUG org.apache.hc.client5.http.headers - http-outgoing-0 << X-Served-By: cache-bom4727-BOM
09:07:28.880 [main] DEBUG org.apache.hc.client5.http.headers - http-outgoing-0 << X-Cache: HIT
09:07:28.880 [main] DEBUG org.apache.hc.client5.http.headers - http-outgoing-0 << X-Cache-Hits: 1
09:07:28.880 [main] DEBUG org.apache.hc.client5.http.headers - http-outgoing-0 << X-Timer: S1666928249.401534,VS0,VE2
09:07:28.880 [main] DEBUG org.apache.hc.client5.http.headers - http-outgoing-0 << Vary: Authorization,Accept-Encoding,Origin
09:07:28.880 [main] DEBUG org.apache.hc.client5.http.headers - http-outgoing-0 << Access-Control-Allow-Origin: *
09:07:28.880 [main] DEBUG org.apache.hc.client5.http.headers - http-outgoing-0 << X-Fastly-Request-ID: 31f7308fa84877594306be88eba70607517ca895
09:07:28.880 [main] DEBUG org.apache.hc.client5.http.headers - http-outgoing-0 << Expires: Fri, 28 Oct 2022 03:42:29 GMT
09:07:28.880 [main] DEBUG org.apache.hc.client5.http.headers - http-outgoing-0 << Source-Age: 110
09:07:28.880 [main] DEBUG org.apache.hc.client5.http.headers - http-outgoing-0 << Content-Length: 723
09:07:28.884 [main] DEBUG org.apache.hc.client5.http.impl.classic.MainClientExec - ex-0000000001 connection can be kept alive for 3 MINUTES
09:07:28.931 [main] DEBUG org.apache.hc.client5.http.wire - http-outgoing-0 << "[0x1f][0xffffff8b][0x8][0x0][0x0][0x0][0x0][0x0][0x0][0x3][0xffffffb5]V]o[0xffffffda]0[0x14]}[0xffffffe7]W\[0xffffff81]*[0xffffffb5][0x12][0x1f][[M[0xffffffd3]$[0x1e]hF[0xffffffbb]i [0x18][0xffffffb4][0xffffffdd]&[0xfffffff9][0xffffffc5]$7[0xffffffc1]R[0x12]#;[0xffffff94]v[0xffffffbf]~[0xffffffb6][0xfffffff3]1[0xffffff92][0xffffff9a][0xffffffc1][0x1a]x[0xffffffcb][0xffffffb5][0xffffffaf][0xffffffcf]9[0xffffffbe][0xfffffff7]8v[0xb][0x1c][0x1e]E4[0xfffffff6]$x4[0xffffffa1][0xb]*[0xffffffb1][0xffffffd1][0xffffff82][0xfffffffb]%[0xffffff93][0xffffffe0][0xffffffb3][0x10][0xffffffc1][0xffffffe5]qBY,!Y[0xffffffea] KM8,[0x10][0xfffffff0][0x19][0xffffffdd]u[0xffffff82][0x1e][0xffffffb0][0xffffffd8]L[0xffffffcb]%[0xffffff86][0xffffffa1][0xe][0xffffffb8][0xfffffff0]P[0xffffffe8]$[0xf][0x13]t[0x13]3[0xfffffff9][0xffffff84]B2[0xffffffae][0xffffffe6]|@[0xfffffff5][0x1d][0x8][0xffffffc4][0x18][0x16][0xffffff82]o[0xffffffa4][0xffffff9a]P[0xffffff94][0xffffffe7][0xffffffce]R[0xfffffff0][0x8][0xffffffdb]p[0xffffffcb][0x4][0xfffffffa][0xfffffffc][0xffffffb9][\r][0xffffff93][0x15][\n]"
09:07:28.931 [main] DEBUG org.apache.hc.client5.http.wire - http-outgoing-0 << "[0xffffffda][0xffffff86][0xffffffa1][0x17][0xffffffa8]Q3[0xffffffcb][0xffffffd6][0xffffffd1][0xffffff85][0xffffffc6][0xfffffff7][0xffffff98][0xffffffef][0xffffffa3][0xffffffc0]8[0x1][0xffffffae]s[0x12][0x16][0x7] _d[0xffffff82][0xffffff91][0xffffff84][0xfffffff3][0x1f],[0xfffffff6][0x14]j[0x1b]F,^+[0xffffff98]1ua2[0xffffffbf]h([0xffffff8e][0xffffff94][0xffffffa2][0xffffff91]m[0xffffffa3][0xffffffeb][0xffffff9a][0xffffffb0][0xffffffbb]I[0x17]t[0xffffffdf][0xffffffbd][0xffffffef][0xffffffbb][0xffffff91][0xffffffd7]U[0xffffffbb][0xffffff82][0xffffff9e][0x3][0xffffff9b][0xffffff88][0xffffffb9][0xffffffa6]$[0xffffffa6][0xc][0xffffff9b][0xffffffa5][0xffffffe2][0xffffff83][0xffffff98]F[0xffffffd8]o[0xffffff9e]Mg[0xffffff93][0xffffffbb][0xffffffd9]`|[0xfffffffb]u4[0xffffff9c][0x7f]"}B[0xffffffce][0x8][0xffffffb9][0xffffffe3]<[0x8][0xffffff91][0xffffff90][0xffffff94][0xffffff82][0xffffff90][0xffffffc1]j[0x15]2WI[0xffffffe3]1![0x19][0xffffff91]BnB[0xffffff80][0x9]<f[0xffffffb5][0xffffffe8]=[0xffffffd1]p[0xffffffbd][[0xffffffcf][0xffffffe5][0x1b][0xfffffff4][0xffffff9c][0xffffffff][0xfffffffc][0xfffffff8][0xffffffe1][0xffffffe2][0xffffff94][0xffffffa2][0xffffffae][0xe][0x14]5[0xffffff9a]8[0xffffff83][0xffffffd1]`:[0xfffffffd]<[0xffffffb8][0x1f][0xffffff9c]R[0xffffffcf]u[0x7f]6[0xffffffbc][0xffffff83][0xffffffef][0xf][0xffffffc3][0xffffffd9]/[0xfffffff8][0xfffffff2][0xffffffcd]y s[0xffffffee]'[0x1b]*0g[0xffffffcb][0xffffffc8]nF7H][0xffffff83][0xffffff97]{[0xffffffb1]Q[0x5][\r][0xffffffb5]c[0xffffffb4][0xf][0x2][0xffffffb3][0xffffffb4][0xffffff93][0xe]C[0xffffffa7][0xffffffb3]kAD][0xffffff9d][0xffffffde][0xffffffdb][0xffffffda][0xffffff88][0xffffffec][0xffffffa5][0xffffffbc][0xffffff99][0xffffffd9][0xffffffba]t[0xffffffb5][0xffffffea]9[0xffffffea][0x10])[0xffffffb7][0xffffffca][0xffffff9e][0xfffffff2][0xffffffe2]d^N[0xffffffd8]FW[0x16][0xffffffcd][0xffffffdc]_[0x10][0xfffffff9]i|[0x1c][0xffffff93][0xffffff8e][0xfffffff9]o[0x16][0xffffff86]4'!$G[0xffffffdf]W[0xfffffff4]W*j[[0xfffffff3]xR[0xffffffae][0xffffffb6][0xc][0xffffffd0],; #[0xffffffa9][0xffffff92]5[0xffffffb5][0x7][0xffffff9c][0xffffffb5][0xffffffd0][0x7f][0xffffff90][0xffffffc7]jgs[0xfffffffc][0xffffffc2][0xb][0xffffffd9][0x0]t[0xffffff9e]^'Y[0xfffffffb][0xffffff9f][0xffffffb1][0xffffffd8]:[0xffffffbf][0xffffff8d][0xffffffa5][0xffffff9a][0xffffffad][0x7f]m[0x5]&[0xffffffaa][0xffffffa0]^[0xffffff9b][0xffffffcb][0x5]f[0xffffffae][0xffffffe0]RU[0xffffff82][0x10]MS9l[0xffffff91]4t[0xfffffffb][0xffffff8a]][0xffffffd6][0xfffffff4][0xffffff96][0xffffffa6][0xffffff9f]P[0xffffffce][0xffffffd5][0xffffffce][0xffffff93][0xffffffff][0xffffff97][0xffffffcc]p[0xfffffffd][0xfffffff3][0xffffffe8][0x1b][0xffffffcc][0xffffffa2][0xffffffd9]Q[0xffffffbe][0xffffffb2][0xffffffa3][0xffffffc7]m'[0xffffffdf][0xffffffe4][[0xfffffffb]^[0xffffffb0][0xffffff9a][0xffffffbe][0xffffffda][0xffffffda]_[0xffffffce][0xffffff80][0xffffffd2][0xffffffc1]7[0xffffffb7]][0xffffffc1]b[0xffffffee][0xffffffb5][0xffffffff]w[0xffffff83][0xffffffed][0xffffffa7];[0x15]<[0x10]4[0xffffff92][0xffffff84][0x18][\n]"
09:07:28.932 [main] DEBUG org.apache.hc.client5.http.wire - http-outgoing-0 << "BB[0xffffffba][0xffffff8e]][0xffffffb5]jo[0xffffffb9]+"[0xffffffea][0xffffffb4][0xffffffff]h"[0xffffffea]\?5[0xffffffa9][0xffffffaf]k[0xffffffec][0xffffffff]P[0xffffffea][\n]"
09:07:28.932 [main] DEBUG org.apache.hc.client5.http.wire - http-outgoing-0 << "w[0xffffffe1]K[0x13][0xffffffda][0xffffffec][0xffffff98][0xffffffe6]Y[0xfffffffd]h8m6[0xffffff9c]T[0xffffffc1][0xfffffff2][0xffffffa7][0xffffff91]z_[0xffffff95]o85p[0x1c][0x13][0xffffffe6][0xfffffff0]5[0xffffffee][0xfffffffc][0xffffff92][0xffffff96][0xffffffda][0xfffffff7][0xffffffcf][0xffffffb1][0x5][0x1d][0xffffffea]K[0xffffff9b]9[0xffffff8e][0xffffffad]e[0xfffffff7][0xffffff93][0xffffffa8]`[0xffffffda][0xffffffff][0x1a][0xffffffd2][0xffffff88][0xffffff85][0xfffffffd][0xfffffff2][0xffffff91]N[0xfffffff6]`[0xffffffdf]2[0xffffffcf][0xffffffae]E[0xffffff97][0xffffffc5][0xffffffa2][0xffffff9d][0xffffffef]'[0xffffff9d]mun.[0xffffffd3]f^[0xffffffc7][0xffffff82][0xffffffda][0xffffff82]9[0xfffffff5][0xffffffa9]`[0x5][0xffffffbc]4[0xffffffa1][0x1d]<M[0xffffffb5]A[0xffffffa7]3[[0xffffffc0][0x7f][0x0][0xffffffc1][0xffffffd0]$[0xffffff85][0x1d][\r][0x0][0x0]"
09:07:28.933 [main] DEBUG org.apache.hc.client5.http.impl.classic.InternalHttpClient - ep-0000000000 releasing valid endpoint
09:07:28.933 [main] DEBUG org.apache.hc.client5.http.impl.io.PoolingHttpClientConnectionManager - ep-0000000000 releasing endpoint
09:07:28.934 [main] DEBUG org.apache.hc.client5.http.impl.io.PoolingHttpClientConnectionManager - ep-0000000000 connection http-outgoing-0 can be kept alive for 3 MINUTES
09:07:28.935 [main] DEBUG org.apache.hc.client5.http.impl.io.PoolingHttpClientConnectionManager - ep-0000000000 connection released [route: {s}->https://raw.githubusercontent.com:443][total available: 1; route allocated: 1 of 5; total allocated: 1 of 25]
09:07:28.935 [main] DEBUG io.github.bonigarcia.wdm.versions.VersionDetector - Detecting chrome version using online commands.properties
09:07:28.955 [main] DEBUG io.github.bonigarcia.wdm.versions.Shell - Running command on the shell: [cmd.exe, /C, wmic, datafile, where, name="%PROGRAMFILES:\=\\%\\Google\\Chrome\\Application\\chrome.exe", get, Version, /value]
09:07:30.463 [main] DEBUG io.github.bonigarcia.wdm.versions.Shell - Result: Version=106.0.5249.119
09:07:30.466 [main] DEBUG io.github.bonigarcia.wdm.cache.ResolutionCache - Resolution chrome106=106.0.5249.61 in cache (valid until 10:06:39 28/10/2022 IST)
09:07:30.466 [main] INFO io.github.bonigarcia.wdm.WebDriverManager - Using chromedriver 106.0.5249.61 (resolved driver for Chrome 106)
09:07:30.469 [main] DEBUG io.github.bonigarcia.wdm.cache.ResolutionCache - Storing resolution chrome=106 in cache (valid until 10:07:30 28/10/2022 IST)
09:07:30.563 [main] DEBUG io.github.bonigarcia.wdm.WebDriverManager - Driver chromedriver 106.0.5249.61 found in cache
09:07:30.564 [main] INFO io.github.bonigarcia.wdm.WebDriverManager - Exporting webdriver.chrome.driver as C:\Users\ahmada\.cache\selenium\chromedriver\win32\106.0.5249.61\chromedriver.exe
09:07:30.910 [main] INFO net.serenitybdd.core.webdriver.driverproviders.ChromeDriverProvider - Starting Chrome driver instance with capabilities:
09:07:30.912 [main] INFO net.serenitybdd.core.webdriver.driverproviders.ChromeDriverProvider - Capabilities {acceptInsecureCerts: false, browserName: chrome, goog:chromeOptions: {args: [--disable-extensions], extensions: []}}
09:07:31.610 [main] DEBUG io.netty.util.internal.logging.InternalLoggerFactory - Using SLF4J as the default logging framework
09:07:31.619 [main] DEBUG io.netty.util.ResourceLeakDetector - -Dio.netty.leakDetection.level: simple
09:07:31.619 [main] DEBUG io.netty.util.ResourceLeakDetector - -Dio.netty.leakDetection.targetRecords: 4
09:07:31.627 [main] DEBUG io.netty.util.ResourceLeakDetectorFactory - Loaded default ResourceLeakDetector: io.netty.util.ResourceLeakDetector@4dc7cd1c
09:07:31.653 [main] DEBUG io.netty.util.internal.PlatformDependent0 - -Dio.netty.noUnsafe: false
09:07:31.653 [main] DEBUG io.netty.util.internal.PlatformDependent0 - Java version: 8
09:07:31.654 [main] DEBUG io.netty.util.internal.PlatformDependent0 - sun.misc.Unsafe.theUnsafe: available
09:07:31.655 [main] DEBUG io.netty.util.internal.PlatformDependent0 - sun.misc.Unsafe.copyMemory: available
09:07:31.656 [main] DEBUG io.netty.util.internal.PlatformDependent0 - sun.misc.Unsafe.storeFence: available
09:07:31.657 [main] DEBUG io.netty.util.internal.PlatformDependent0 - java.nio.Buffer.address: available
09:07:31.657 [main] DEBUG io.netty.util.internal.PlatformDependent0 - direct buffer constructor: available
09:07:31.658 [main] DEBUG io.netty.util.internal.PlatformDependent0 - java.nio.Bits.unaligned: available, true
09:07:31.658 [main] DEBUG io.netty.util.internal.PlatformDependent0 - jdk.internal.misc.Unsafe.allocateUninitializedArray(int): unavailable prior to Java9
09:07:31.658 [main] DEBUG io.netty.util.internal.PlatformDependent0 - java.nio.DirectByteBuffer.<init>(long, int): available
09:07:31.658 [main] DEBUG io.netty.util.internal.PlatformDependent - sun.misc.Unsafe: available
09:07:31.659 [main] DEBUG io.netty.util.internal.PlatformDependent - -Dio.netty.tmpdir: C:\Users\ahmada\AppData\Local\Temp (java.io.tmpdir)
09:07:31.659 [main] DEBUG io.netty.util.internal.PlatformDependent - -Dio.netty.bitMode: 64 (sun.arch.data.model)
09:07:31.659 [main] DEBUG io.netty.util.internal.PlatformDependent - Platform: Windows
09:07:31.660 [main] DEBUG io.netty.util.internal.PlatformDependent - -Dio.netty.maxDirectMemory: 3732406272 bytes
09:07:31.660 [main] DEBUG io.netty.util.internal.PlatformDependent - -Dio.netty.uninitializedArrayAllocationThreshold: -1
09:07:31.662 [main] DEBUG io.netty.util.internal.CleanerJava6 - java.nio.ByteBuffer.cleaner(): available
09:07:31.662 [main] DEBUG io.netty.util.internal.PlatformDependent - -Dio.netty.noPreferDirect: false
09:07:31.670 [main] DEBUG io.netty.util.internal.PlatformDependent - org.jctools-core.MpscChunkedArrayQueue: available
09:07:31.937 [main] DEBUG io.netty.util.internal.InternalThreadLocalMap - -Dio.netty.threadLocalMap.stringBuilder.initialSize: 1024
09:07:31.938 [main] DEBUG io.netty.util.internal.InternalThreadLocalMap - -Dio.netty.threadLocalMap.stringBuilder.maxSize: 4096
09:07:32.022 [main] DEBUG io.netty.handler.ssl.JdkSslContext - Default protocols (JDK): [TLSv1.2, TLSv1.1, TLSv1] 
09:07:32.022 [main] DEBUG io.netty.handler.ssl.JdkSslContext - Default cipher suites (JDK): [TLS_ECDHE_ECDSA_WITH_AES_256_GCM_SHA384, TLS_ECDHE_ECDSA_WITH_AES_128_GCM_SHA256, TLS_ECDHE_RSA_WITH_AES_128_GCM_SHA256, TLS_ECDHE_RSA_WITH_AES_256_GCM_SHA384, TLS_ECDHE_RSA_WITH_AES_128_CBC_SHA, TLS_ECDHE_RSA_WITH_AES_256_CBC_SHA, TLS_RSA_WITH_AES_128_GCM_SHA256, TLS_RSA_WITH_AES_128_CBC_SHA, TLS_RSA_WITH_AES_256_CBC_SHA, TLS_AES_128_GCM_SHA256, TLS_AES_256_GCM_SHA384]
09:07:32.118 [main] DEBUG io.netty.channel.MultithreadEventLoopGroup - -Dio.netty.eventLoopThreads: 16
09:07:32.133 [main] DEBUG io.netty.channel.nio.NioEventLoop - -Dio.netty.noKeySetOptimization: false
09:07:32.133 [main] DEBUG io.netty.channel.nio.NioEventLoop - -Dio.netty.selectorAutoRebuildThreshold: 512
09:07:32.375 [main] DEBUG io.netty.buffer.PooledByteBufAllocator - -Dio.netty.allocator.numHeapArenas: 16
09:07:32.375 [main] DEBUG io.netty.buffer.PooledByteBufAllocator - -Dio.netty.allocator.numDirectArenas: 16
09:07:32.375 [main] DEBUG io.netty.buffer.PooledByteBufAllocator - -Dio.netty.allocator.pageSize: 8192
09:07:32.375 [main] DEBUG io.netty.buffer.PooledByteBufAllocator - -Dio.netty.allocator.maxOrder: 9
09:07:32.375 [main] DEBUG io.netty.buffer.PooledByteBufAllocator - -Dio.netty.allocator.chunkSize: 4194304
09:07:32.375 [main] DEBUG io.netty.buffer.PooledByteBufAllocator - -Dio.netty.allocator.smallCacheSize: 256
09:07:32.376 [main] DEBUG io.netty.buffer.PooledByteBufAllocator - -Dio.netty.allocator.normalCacheSize: 64
09:07:32.376 [main] DEBUG io.netty.buffer.PooledByteBufAllocator - -Dio.netty.allocator.maxCachedBufferCapacity: 32768
09:07:32.376 [main] DEBUG io.netty.buffer.PooledByteBufAllocator - -Dio.netty.allocator.cacheTrimInterval: 8192
09:07:32.376 [main] DEBUG io.netty.buffer.PooledByteBufAllocator - -Dio.netty.allocator.cacheTrimIntervalMillis: 0
09:07:32.376 [main] DEBUG io.netty.buffer.PooledByteBufAllocator - -Dio.netty.allocator.useCacheForAllThreads: false
09:07:32.376 [main] DEBUG io.netty.buffer.PooledByteBufAllocator - -Dio.netty.allocator.maxCachedByteBuffersPerChunk: 1023
09:07:32.392 [main] DEBUG io.netty.buffer.ByteBufUtil - -Dio.netty.allocator.type: pooled
09:07:32.392 [main] DEBUG io.netty.buffer.ByteBufUtil - -Dio.netty.threadLocalDirectBufferSize: 0
09:07:32.392 [main] DEBUG io.netty.buffer.ByteBufUtil - -Dio.netty.maxThreadLocalCharBufferSize: 16384
09:07:34.954 [Forwarding newSession on session null to remote] DEBUG io.netty.channel.DefaultChannelId - -Dio.netty.processId: 8280 (auto-detected)
09:07:35.193 [Forwarding newSession on session null to remote] DEBUG io.netty.util.NetUtil - -Djava.net.preferIPv4Stack: false
09:07:35.194 [Forwarding newSession on session null to remote] DEBUG io.netty.util.NetUtil - -Djava.net.preferIPv6Addresses: false
09:07:35.460 [Forwarding newSession on session null to remote] DEBUG io.netty.util.NetUtilInitializations - Loopback interface: lo (Software Loopback Interface 1, 127.0.0.1)
09:07:35.461 [Forwarding newSession on session null to remote] DEBUG io.netty.util.NetUtil - Failed to get SOMAXCONN from sysctl and file \proc\sys\net\core\somaxconn. Default: 200
09:07:35.717 [Forwarding newSession on session null to remote] DEBUG io.netty.channel.DefaultChannelId - -Dio.netty.machineId: 5c:ba:ef:ff:fe:18:9d:4d (auto-detected)
09:07:35.937 [AsyncHttpClient-1-2] DEBUG io.netty.buffer.AbstractByteBuf - -Dio.netty.buffer.checkAccessible: true
09:07:35.938 [AsyncHttpClient-1-2] DEBUG io.netty.buffer.AbstractByteBuf - -Dio.netty.buffer.checkBounds: true
09:07:35.938 [AsyncHttpClient-1-2] DEBUG io.netty.util.ResourceLeakDetectorFactory - Loaded default ResourceLeakDetector: io.netty.util.ResourceLeakDetector@5a447cfc
09:07:35.985 [AsyncHttpClient-1-2] DEBUG org.asynchttpclient.netty.channel.NettyConnectListener - Using new Channel '[id: 0xf9aeb849, L:/127.0.0.1:50220 - R:localhost/127.0.0.1:49260]' for 'POST' to '/session'
09:07:36.021 [AsyncHttpClient-1-2] DEBUG io.netty.util.Recycler - -Dio.netty.recycler.maxCapacityPerThread: 4096
09:07:36.021 [AsyncHttpClient-1-2] DEBUG io.netty.util.Recycler - -Dio.netty.recycler.ratio: 8
09:07:36.021 [AsyncHttpClient-1-2] DEBUG io.netty.util.Recycler - -Dio.netty.recycler.chunkSize: 32
09:07:36.021 [AsyncHttpClient-1-2] DEBUG io.netty.util.Recycler - -Dio.netty.recycler.blocking: false
09:07:37.527 [AsyncHttpClient-1-2] DEBUG io.netty.handler.codec.compression.Brotli - brotli4j not in the classpath; Brotli support will be unavailable.
09:07:37.528 [AsyncHttpClient-1-2] DEBUG org.asynchttpclient.netty.handler.HttpHandler - 

Request DefaultHttpRequest(decodeResult: success, version: HTTP/1.1)
POST /session HTTP/1.1
User-Agent: selenium/4.4.0 (java windows)
Content-Length: 503
Content-Type: application/json; charset=utf-8
host: localhost:49260
accept: */*

Response DefaultHttpResponse(decodeResult: success, version: HTTP/1.1)
HTTP/1.1 200 OK
Content-Type: application/json; charset=utf-8
cache-control: no-cache
content-length: 791

09:07:37.627 [AsyncHttpClient-1-2] DEBUG org.asynchttpclient.netty.channel.ChannelManager - Adding key: http://localhost:49260 for channel [id: 0xf9aeb849, L:/127.0.0.1:50220 - R:localhost/127.0.0.1:49260]
09:07:38.586 [AsyncHttpClient-1-1] DEBUG org.asynchttpclient.netty.channel.DefaultChannelPool - Entry count for : http://localhost:49260 : 1
09:07:38.674 [AsyncHttpClient-1-3] DEBUG org.asynchttpclient.netty.channel.NettyConnectListener - Using new Channel '[id: 0x13fc99f6, L:/127.0.0.1:50228 - R:localhost/127.0.0.1:50221]' for 'GET' to '/json/version'
09:07:38.675 [AsyncHttpClient-1-3] DEBUG org.asynchttpclient.netty.handler.HttpHandler - 

Request DefaultFullHttpRequest(decodeResult: success, version: HTTP/1.1, content: EmptyByteBufBE)
GET /json/version HTTP/1.1
User-Agent: selenium/4.4.0 (java windows)
host: localhost:50221
accept: */*

Response DefaultHttpResponse(decodeResult: success, version: HTTP/1.1)
HTTP/1.1 200 OK
Content-Type: application/json; charset=UTF-8
content-length: 424

09:07:38.676 [AsyncHttpClient-1-3] DEBUG org.asynchttpclient.netty.channel.ChannelManager - Adding key: http://localhost:50221 for channel [id: 0x13fc99f6, L:/127.0.0.1:50228 - R:localhost/127.0.0.1:50221]
09:07:38.870 [main] DEBUG io.netty.util.internal.ThreadLocalRandom - -Dio.netty.initialSeedUniquifier: 0x3a8534d499993867
09:07:38.878 [AsyncHttpClient-1-4] DEBUG org.asynchttpclient.netty.channel.NettyConnectListener - Using new Channel '[id: 0xc45cc37c, L:/127.0.0.1:50229 - R:localhost/127.0.0.1:50221]' for 'GET' to '/devtools/browser/a6318ec6-ef09-4602-8732-72338cb59464'
09:07:38.880 [AsyncHttpClient-1-4] DEBUG org.asynchttpclient.netty.handler.WebSocketHandler - 

Request DefaultFullHttpRequest(decodeResult: success, version: HTTP/1.1, content: EmptyByteBufBE)
GET /devtools/browser/a6318ec6-ef09-4602-8732-72338cb59464 HTTP/1.1
upgrade: websocket
connection: upgrade
sec-websocket-key: COinKMfcYNSfzNMdgEv2Xg==
sec-websocket-version: 13
origin: http://localhost:50221
host: localhost:50221
accept: */*
user-agent: AHC/2.1

Response DefaultHttpResponse(decodeResult: success, version: HTTP/1.1)
HTTP/1.1 101 WebSocket Protocol Handshake
Upgrade: WebSocket
Connection: Upgrade
Sec-WebSocket-Accept: NcnXg4U1Zxady8kvzRLieZpMfwc=

09:07:39.412 [Forwarding maximizeCurrentWindow on session 771ef4bd4df6003c4aa6a82a417c8a62 to remote] DEBUG org.asynchttpclient.netty.request.NettyRequestSender - Using pooled Channel '[id: 0xf9aeb849, L:/127.0.0.1:50220 - R:localhost/127.0.0.1:49260]' for 'POST' to 'http://localhost:49260/session/771ef4bd4df6003c4aa6a82a417c8a62/window/maximize'
09:07:39.412 [Forwarding maximizeCurrentWindow on session 771ef4bd4df6003c4aa6a82a417c8a62 to remote] DEBUG org.asynchttpclient.netty.request.NettyRequestSender - Using open Channel [id: 0xf9aeb849, L:/127.0.0.1:50220 - R:localhost/127.0.0.1:49260] for POST '/session/771ef4bd4df6003c4aa6a82a417c8a62/window/maximize'
09:07:39.537 [AsyncHttpClient-1-2] DEBUG org.asynchttpclient.netty.handler.HttpHandler - 

Request DefaultHttpRequest(decodeResult: success, version: HTTP/1.1)
POST /session/771ef4bd4df6003c4aa6a82a417c8a62/window/maximize HTTP/1.1
User-Agent: selenium/4.4.0 (java windows)
Content-Length: 3
Content-Type: application/json; charset=utf-8
host: localhost:49260
accept: */*

Response DefaultHttpResponse(decodeResult: success, version: HTTP/1.1)
HTTP/1.1 200 OK
Content-Type: application/json; charset=utf-8
cache-control: no-cache
content-length: 51

09:07:39.537 [AsyncHttpClient-1-2] DEBUG org.asynchttpclient.netty.channel.ChannelManager - Adding key: http://localhost:49260 for channel [id: 0xf9aeb849, L:/127.0.0.1:50220 - R:localhost/127.0.0.1:49260]
09:07:39.592 [main] DEBUG net.thucydides.core.reflection.ClassFinder - Could not load class .TestPackage.CarTest
09:07:39.593 [Forwarding get on session 771ef4bd4df6003c4aa6a82a417c8a62 to remote] DEBUG org.asynchttpclient.netty.request.NettyRequestSender - Using pooled Channel '[id: 0xf9aeb849, L:/127.0.0.1:50220 - R:localhost/127.0.0.1:49260]' for 'POST' to 'http://localhost:49260/session/771ef4bd4df6003c4aa6a82a417c8a62/url'
09:07:39.593 [Forwarding get on session 771ef4bd4df6003c4aa6a82a417c8a62 to remote] DEBUG org.asynchttpclient.netty.request.NettyRequestSender - Using open Channel [id: 0xf9aeb849, L:/127.0.0.1:50220 - R:localhost/127.0.0.1:49260] for POST '/session/771ef4bd4df6003c4aa6a82a417c8a62/url'
09:07:39.678 [AsyncHttpClient-1-1] DEBUG org.asynchttpclient.netty.channel.DefaultChannelPool - Entry count for : http://localhost:50221 : 1
09:07:40.777 [AsyncHttpClient-1-1] DEBUG org.asynchttpclient.netty.channel.DefaultChannelPool - Entry count for : http://localhost:50221 : 1
09:07:41.878 [AsyncHttpClient-1-1] DEBUG org.asynchttpclient.netty.channel.DefaultChannelPool - Entry count for : http://localhost:50221 : 1
09:07:42.985 [AsyncHttpClient-1-1] DEBUG org.asynchttpclient.netty.channel.DefaultChannelPool - Entry count for : http://localhost:50221 : 1
09:07:44.077 [AsyncHttpClient-1-1] DEBUG org.asynchttpclient.netty.channel.DefaultChannelPool - Entry count for : http://localhost:50221 : 1
09:07:45.177 [AsyncHttpClient-1-1] DEBUG org.asynchttpclient.netty.channel.DefaultChannelPool - Entry count for : http://localhost:50221 : 1
09:07:45.903 [AsyncHttpClient-1-2] DEBUG org.asynchttpclient.netty.handler.HttpHandler - 

Request DefaultHttpRequest(decodeResult: success, version: HTTP/1.1)
POST /session/771ef4bd4df6003c4aa6a82a417c8a62/url HTTP/1.1
User-Agent: selenium/4.4.0 (java windows)
Content-Length: 211
Content-Type: application/json; charset=utf-8
host: localhost:49260
accept: */*

Response DefaultHttpResponse(decodeResult: success, version: HTTP/1.1)
HTTP/1.1 200 OK
Content-Type: application/json; charset=utf-8
cache-control: no-cache
content-length: 14

09:07:45.903 [AsyncHttpClient-1-2] DEBUG org.asynchttpclient.netty.channel.ChannelManager - Adding key: http://localhost:49260 for channel [id: 0xf9aeb849, L:/127.0.0.1:50220 - R:localhost/127.0.0.1:49260]
09:07:45.906 [Forwarding setTimeout on session 771ef4bd4df6003c4aa6a82a417c8a62 to remote] DEBUG org.asynchttpclient.netty.request.NettyRequestSender - Using pooled Channel '[id: 0xf9aeb849, L:/127.0.0.1:50220 - R:localhost/127.0.0.1:49260]' for 'POST' to 'http://localhost:49260/session/771ef4bd4df6003c4aa6a82a417c8a62/timeouts'
09:07:45.906 [Forwarding setTimeout on session 771ef4bd4df6003c4aa6a82a417c8a62 to remote] DEBUG org.asynchttpclient.netty.request.NettyRequestSender - Using open Channel [id: 0xf9aeb849, L:/127.0.0.1:50220 - R:localhost/127.0.0.1:49260] for POST '/session/771ef4bd4df6003c4aa6a82a417c8a62/timeouts'
09:07:45.908 [AsyncHttpClient-1-2] DEBUG org.asynchttpclient.netty.handler.HttpHandler - 

Request DefaultHttpRequest(decodeResult: success, version: HTTP/1.1)
POST /session/771ef4bd4df6003c4aa6a82a417c8a62/timeouts HTTP/1.1
User-Agent: selenium/4.4.0 (java windows)
Content-Length: 22
Content-Type: application/json; charset=utf-8
host: localhost:49260
accept: */*

Response DefaultHttpResponse(decodeResult: success, version: HTTP/1.1)
HTTP/1.1 200 OK
Content-Type: application/json; charset=utf-8
cache-control: no-cache
content-length: 14

09:07:45.909 [AsyncHttpClient-1-2] DEBUG org.asynchttpclient.netty.channel.ChannelManager - Adding key: http://localhost:49260 for channel [id: 0xf9aeb849, L:/127.0.0.1:50220 - R:localhost/127.0.0.1:49260]
09:07:45.916 [Forwarding getCurrentUrl on session 771ef4bd4df6003c4aa6a82a417c8a62 to remote] DEBUG org.asynchttpclient.netty.request.NettyRequestSender - Using pooled Channel '[id: 0xf9aeb849, L:/127.0.0.1:50220 - R:localhost/127.0.0.1:49260]' for 'GET' to 'http://localhost:49260/session/771ef4bd4df6003c4aa6a82a417c8a62/url'
09:07:45.916 [Forwarding getCurrentUrl on session 771ef4bd4df6003c4aa6a82a417c8a62 to remote] DEBUG org.asynchttpclient.netty.request.NettyRequestSender - Using open Channel [id: 0xf9aeb849, L:/127.0.0.1:50220 - R:localhost/127.0.0.1:49260] for GET '/session/771ef4bd4df6003c4aa6a82a417c8a62/url'
09:07:45.920 [AsyncHttpClient-1-2] DEBUG org.asynchttpclient.netty.handler.HttpHandler - 

Request DefaultFullHttpRequest(decodeResult: success, version: HTTP/1.1, content: EmptyByteBufBE)
GET /session/771ef4bd4df6003c4aa6a82a417c8a62/url HTTP/1.1
User-Agent: selenium/4.4.0 (java windows)
Cache-Control: no-cache
Content-Type: application/json; charset=utf-8
host: localhost:49260
accept: */*

Response DefaultHttpResponse(decodeResult: success, version: HTTP/1.1)
HTTP/1.1 200 OK
Content-Type: application/json; charset=utf-8
cache-control: no-cache
content-length: 173

09:07:45.921 [AsyncHttpClient-1-2] DEBUG org.asynchttpclient.netty.channel.ChannelManager - Adding key: http://localhost:49260 for channel [id: 0xf9aeb849, L:/127.0.0.1:50220 - R:localhost/127.0.0.1:49260]
09:07:45.926 [Forwarding getCurrentUrl on session 771ef4bd4df6003c4aa6a82a417c8a62 to remote] DEBUG org.asynchttpclient.netty.request.NettyRequestSender - Using pooled Channel '[id: 0xf9aeb849, L:/127.0.0.1:50220 - R:localhost/127.0.0.1:49260]' for 'GET' to 'http://localhost:49260/session/771ef4bd4df6003c4aa6a82a417c8a62/url'
09:07:45.926 [Forwarding getCurrentUrl on session 771ef4bd4df6003c4aa6a82a417c8a62 to remote] DEBUG org.asynchttpclient.netty.request.NettyRequestSender - Using open Channel [id: 0xf9aeb849, L:/127.0.0.1:50220 - R:localhost/127.0.0.1:49260] for GET '/session/771ef4bd4df6003c4aa6a82a417c8a62/url'
09:07:45.931 [AsyncHttpClient-1-2] DEBUG org.asynchttpclient.netty.handler.HttpHandler - 

Request DefaultFullHttpRequest(decodeResult: success, version: HTTP/1.1, content: EmptyByteBufBE)
GET /session/771ef4bd4df6003c4aa6a82a417c8a62/url HTTP/1.1
User-Agent: selenium/4.4.0 (java windows)
Cache-Control: no-cache
Content-Type: application/json; charset=utf-8
host: localhost:49260
accept: */*

Response DefaultHttpResponse(decodeResult: success, version: HTTP/1.1)
HTTP/1.1 200 OK
Content-Type: application/json; charset=utf-8
cache-control: no-cache
content-length: 173

09:07:45.931 [AsyncHttpClient-1-2] DEBUG org.asynchttpclient.netty.channel.ChannelManager - Adding key: http://localhost:49260 for channel [id: 0xf9aeb849, L:/127.0.0.1:50220 - R:localhost/127.0.0.1:49260]
09:07:45.945 [Forwarding findElement on session 771ef4bd4df6003c4aa6a82a417c8a62 to remote] DEBUG org.asynchttpclient.netty.request.NettyRequestSender - Using pooled Channel '[id: 0xf9aeb849, L:/127.0.0.1:50220 - R:localhost/127.0.0.1:49260]' for 'POST' to 'http://localhost:49260/session/771ef4bd4df6003c4aa6a82a417c8a62/element'
09:07:45.946 [Forwarding findElement on session 771ef4bd4df6003c4aa6a82a417c8a62 to remote] DEBUG org.asynchttpclient.netty.request.NettyRequestSender - Using open Channel [id: 0xf9aeb849, L:/127.0.0.1:50220 - R:localhost/127.0.0.1:49260] for POST '/session/771ef4bd4df6003c4aa6a82a417c8a62/element'
09:07:45.957 [AsyncHttpClient-1-2] DEBUG org.asynchttpclient.netty.handler.HttpHandler - 

Request DefaultHttpRequest(decodeResult: success, version: HTTP/1.1)
POST /session/771ef4bd4df6003c4aa6a82a417c8a62/element HTTP/1.1
User-Agent: selenium/4.4.0 (java windows)
Content-Length: 71
Content-Type: application/json; charset=utf-8
host: localhost:49260
accept: */*

Response DefaultHttpResponse(decodeResult: success, version: HTTP/1.1)
HTTP/1.1 200 OK
Content-Type: application/json; charset=utf-8
cache-control: no-cache
content-length: 88

09:07:45.957 [AsyncHttpClient-1-2] DEBUG org.asynchttpclient.netty.channel.ChannelManager - Adding key: http://localhost:49260 for channel [id: 0xf9aeb849, L:/127.0.0.1:50220 - R:localhost/127.0.0.1:49260]
09:07:46.061 [Forwarding actions on session 771ef4bd4df6003c4aa6a82a417c8a62 to remote] DEBUG org.asynchttpclient.netty.request.NettyRequestSender - Using pooled Channel '[id: 0xf9aeb849, L:/127.0.0.1:50220 - R:localhost/127.0.0.1:49260]' for 'POST' to 'http://localhost:49260/session/771ef4bd4df6003c4aa6a82a417c8a62/actions'
09:07:46.061 [Forwarding actions on session 771ef4bd4df6003c4aa6a82a417c8a62 to remote] DEBUG org.asynchttpclient.netty.request.NettyRequestSender - Using open Channel [id: 0xf9aeb849, L:/127.0.0.1:50220 - R:localhost/127.0.0.1:49260] for POST '/session/771ef4bd4df6003c4aa6a82a417c8a62/actions'
09:07:46.226 [AsyncHttpClient-1-2] DEBUG org.asynchttpclient.netty.handler.HttpHandler - 

Request DefaultHttpRequest(decodeResult: success, version: HTTP/1.1)
POST /session/771ef4bd4df6003c4aa6a82a417c8a62/actions HTTP/1.1
User-Agent: selenium/4.4.0 (java windows)
Content-Length: 480
Content-Type: application/json; charset=utf-8
host: localhost:49260
accept: */*

Response DefaultHttpResponse(decodeResult: success, version: HTTP/1.1)
HTTP/1.1 200 OK
Content-Type: application/json; charset=utf-8
cache-control: no-cache
content-length: 14

09:07:46.235 [AsyncHttpClient-1-2] DEBUG org.asynchttpclient.netty.channel.ChannelManager - Adding key: http://localhost:49260 for channel [id: 0xf9aeb849, L:/127.0.0.1:50220 - R:localhost/127.0.0.1:49260]
09:07:46.250 [main] DEBUG net.serenitybdd.core.photography.Darkroom - Opening darkroom
09:07:46.252 [Darkroom Processing Line] DEBUG net.serenitybdd.core.photography.DarkroomProcessingLine - Darkroom processing line starting up
09:07:46.278 [AsyncHttpClient-1-1] DEBUG org.asynchttpclient.netty.channel.DefaultChannelPool - Entry count for : http://localhost:49260 : 1
09:07:46.278 [AsyncHttpClient-1-1] DEBUG org.asynchttpclient.netty.channel.DefaultChannelPool - Entry count for : http://localhost:50221 : 1
09:07:46.351 [Forwarding getCurrentWindowHandle on session 771ef4bd4df6003c4aa6a82a417c8a62 to remote] DEBUG org.asynchttpclient.netty.request.NettyRequestSender - Using pooled Channel '[id: 0xf9aeb849, L:/127.0.0.1:50220 - R:localhost/127.0.0.1:49260]' for 'GET' to 'http://localhost:49260/session/771ef4bd4df6003c4aa6a82a417c8a62/window'
09:07:46.351 [Forwarding getCurrentWindowHandle on session 771ef4bd4df6003c4aa6a82a417c8a62 to remote] DEBUG org.asynchttpclient.netty.request.NettyRequestSender - Using open Channel [id: 0xf9aeb849, L:/127.0.0.1:50220 - R:localhost/127.0.0.1:49260] for GET '/session/771ef4bd4df6003c4aa6a82a417c8a62/window'
09:07:46.352 [AsyncHttpClient-1-2] DEBUG org.asynchttpclient.netty.handler.HttpHandler - 

Request DefaultFullHttpRequest(decodeResult: success, version: HTTP/1.1, content: EmptyByteBufBE)
GET /session/771ef4bd4df6003c4aa6a82a417c8a62/window HTTP/1.1
User-Agent: selenium/4.4.0 (java windows)
Cache-Control: no-cache
Content-Type: application/json; charset=utf-8
host: localhost:49260
accept: */*

Response DefaultHttpResponse(decodeResult: success, version: HTTP/1.1)
HTTP/1.1 200 OK
Content-Type: application/json; charset=utf-8
cache-control: no-cache
content-length: 53

09:07:46.353 [AsyncHttpClient-1-2] DEBUG org.asynchttpclient.netty.channel.ChannelManager - Adding key: http://localhost:49260 for channel [id: 0xf9aeb849, L:/127.0.0.1:50220 - R:localhost/127.0.0.1:49260]
09:07:46.354 [Forwarding getAlertText on session 771ef4bd4df6003c4aa6a82a417c8a62 to remote] DEBUG org.asynchttpclient.netty.request.NettyRequestSender - Using pooled Channel '[id: 0xf9aeb849, L:/127.0.0.1:50220 - R:localhost/127.0.0.1:49260]' for 'GET' to 'http://localhost:49260/session/771ef4bd4df6003c4aa6a82a417c8a62/alert/text'
09:07:46.354 [Forwarding getAlertText on session 771ef4bd4df6003c4aa6a82a417c8a62 to remote] DEBUG org.asynchttpclient.netty.request.NettyRequestSender - Using open Channel [id: 0xf9aeb849, L:/127.0.0.1:50220 - R:localhost/127.0.0.1:49260] for GET '/session/771ef4bd4df6003c4aa6a82a417c8a62/alert/text'
09:07:46.358 [AsyncHttpClient-1-2] DEBUG org.asynchttpclient.netty.handler.HttpHandler - 

Request DefaultFullHttpRequest(decodeResult: success, version: HTTP/1.1, content: EmptyByteBufBE)
GET /session/771ef4bd4df6003c4aa6a82a417c8a62/alert/text HTTP/1.1
User-Agent: selenium/4.4.0 (java windows)
Cache-Control: no-cache
Content-Type: application/json; charset=utf-8
host: localhost:49260
accept: */*

Response DefaultHttpResponse(decodeResult: success, version: HTTP/1.1)
HTTP/1.1 404 Not Found
Content-Type: application/json; charset=utf-8
cache-control: no-cache
content-length: 899

09:07:46.358 [AsyncHttpClient-1-2] DEBUG org.asynchttpclient.netty.channel.ChannelManager - Adding key: http://localhost:49260 for channel [id: 0xf9aeb849, L:/127.0.0.1:50220 - R:localhost/127.0.0.1:49260]
09:07:46.409 [Forwarding switchToWindow on session 771ef4bd4df6003c4aa6a82a417c8a62 to remote] DEBUG org.asynchttpclient.netty.request.NettyRequestSender - Using pooled Channel '[id: 0xf9aeb849, L:/127.0.0.1:50220 - R:localhost/127.0.0.1:49260]' for 'POST' to 'http://localhost:49260/session/771ef4bd4df6003c4aa6a82a417c8a62/window'
09:07:46.410 [Forwarding switchToWindow on session 771ef4bd4df6003c4aa6a82a417c8a62 to remote] DEBUG org.asynchttpclient.netty.request.NettyRequestSender - Using open Channel [id: 0xf9aeb849, L:/127.0.0.1:50220 - R:localhost/127.0.0.1:49260] for POST '/session/771ef4bd4df6003c4aa6a82a417c8a62/window'
09:07:46.412 [AsyncHttpClient-1-2] DEBUG org.asynchttpclient.netty.handler.HttpHandler - 

Request DefaultHttpRequest(decodeResult: success, version: HTTP/1.1)
POST /session/771ef4bd4df6003c4aa6a82a417c8a62/window HTTP/1.1
User-Agent: selenium/4.4.0 (java windows)
Content-Length: 59
Content-Type: application/json; charset=utf-8
host: localhost:49260
accept: */*

Response DefaultHttpResponse(decodeResult: success, version: HTTP/1.1)
HTTP/1.1 200 OK
Content-Type: application/json; charset=utf-8
cache-control: no-cache
content-length: 14

09:07:46.412 [AsyncHttpClient-1-2] DEBUG org.asynchttpclient.netty.channel.ChannelManager - Adding key: http://localhost:49260 for channel [id: 0xf9aeb849, L:/127.0.0.1:50220 - R:localhost/127.0.0.1:49260]
09:07:46.413 [Forwarding getCurrentUrl on session 771ef4bd4df6003c4aa6a82a417c8a62 to remote] DEBUG org.asynchttpclient.netty.request.NettyRequestSender - Using pooled Channel '[id: 0xf9aeb849, L:/127.0.0.1:50220 - R:localhost/127.0.0.1:49260]' for 'GET' to 'http://localhost:49260/session/771ef4bd4df6003c4aa6a82a417c8a62/url'
09:07:46.413 [Forwarding getCurrentUrl on session 771ef4bd4df6003c4aa6a82a417c8a62 to remote] DEBUG org.asynchttpclient.netty.request.NettyRequestSender - Using open Channel [id: 0xf9aeb849, L:/127.0.0.1:50220 - R:localhost/127.0.0.1:49260] for GET '/session/771ef4bd4df6003c4aa6a82a417c8a62/url'
09:07:46.417 [AsyncHttpClient-1-2] DEBUG org.asynchttpclient.netty.handler.HttpHandler - 

Request DefaultFullHttpRequest(decodeResult: success, version: HTTP/1.1, content: EmptyByteBufBE)
GET /session/771ef4bd4df6003c4aa6a82a417c8a62/url HTTP/1.1
User-Agent: selenium/4.4.0 (java windows)
Cache-Control: no-cache
Content-Type: application/json; charset=utf-8
host: localhost:49260
accept: */*

Response DefaultHttpResponse(decodeResult: success, version: HTTP/1.1)
HTTP/1.1 200 OK
Content-Type: application/json; charset=utf-8
cache-control: no-cache
content-length: 173

09:07:46.417 [AsyncHttpClient-1-2] DEBUG org.asynchttpclient.netty.channel.ChannelManager - Adding key: http://localhost:49260 for channel [id: 0xf9aeb849, L:/127.0.0.1:50220 - R:localhost/127.0.0.1:49260]
09:07:46.419 [Forwarding screenshot on session 771ef4bd4df6003c4aa6a82a417c8a62 to remote] DEBUG org.asynchttpclient.netty.request.NettyRequestSender - Using pooled Channel '[id: 0xf9aeb849, L:/127.0.0.1:50220 - R:localhost/127.0.0.1:49260]' for 'GET' to 'http://localhost:49260/session/771ef4bd4df6003c4aa6a82a417c8a62/screenshot'
09:07:46.419 [Forwarding screenshot on session 771ef4bd4df6003c4aa6a82a417c8a62 to remote] DEBUG org.asynchttpclient.netty.request.NettyRequestSender - Using open Channel [id: 0xf9aeb849, L:/127.0.0.1:50220 - R:localhost/127.0.0.1:49260] for GET '/session/771ef4bd4df6003c4aa6a82a417c8a62/screenshot'
09:07:46.610 [AsyncHttpClient-1-2] DEBUG org.asynchttpclient.netty.handler.HttpHandler - 

Request DefaultFullHttpRequest(decodeResult: success, version: HTTP/1.1, content: EmptyByteBufBE)
GET /session/771ef4bd4df6003c4aa6a82a417c8a62/screenshot HTTP/1.1
User-Agent: selenium/4.4.0 (java windows)
Cache-Control: no-cache
Content-Type: application/json; charset=utf-8
host: localhost:49260
accept: */*

Response DefaultHttpResponse(decodeResult: success, version: HTTP/1.1)
HTTP/1.1 200 OK
Content-Type: application/json; charset=utf-8
cache-control: no-cache
content-length: 442616

09:07:46.614 [AsyncHttpClient-1-2] DEBUG org.asynchttpclient.netty.channel.ChannelManager - Adding key: http://localhost:49260 for channel [id: 0xf9aeb849, L:/127.0.0.1:50220 - R:localhost/127.0.0.1:49260]
09:07:46.985 [main] DEBUG net.serenitybdd.core.photography.Darkroom - Send negative for processing for target\site\serenity\d09bad1af56072729d6fdc39cb0d7710fe23f11dd0f9bb00929f1b394f3e1404.png
09:07:46.986 [Darkroom Processing Line] DEBUG net.serenitybdd.core.photography.DarkroomProcessingLine - Processing screenshot image in /var/screenshots/screenshot-8868290656680539250
09:07:46.986 [Darkroom Processing Line] DEBUG net.serenitybdd.core.photography.DarkroomProcessingLine - Saving screenshot to target\site\serenity\d09bad1af56072729d6fdc39cb0d7710fe23f11dd0f9bb00929f1b394f3e1404.png
09:07:46.989 [main] DEBUG net.thucydides.core.steps.StepInterceptor - STEP DONE: stepsFindNewCars
]]></system-out>
    <system-err><![CDATA[Starting ChromeDriver 106.0.5249.61 (511755355844955cd3e264779baf0dd38212a4d0-refs/branch-heads/5249@{#569}) on port 49260
Only local connections are allowed.
Please see https://chromedriver.chromium.org/security-considerations for suggestions on keeping ChromeDriver safe.
ChromeDriver was started successfully.
Oct 28, 2022 9:07:38 AM org.openqa.selenium.remote.ProtocolHandshake createSession
INFO: Detected upstream dialect: W3C
Oct 28, 2022 9:07:39 AM org.openqa.selenium.devtools.CdpVersionFinder findNearestMatch
WARNING: Unable to find an exact match for CDP version 106, so returning the closest version found: 104
Oct 28, 2022 9:07:39 AM org.openqa.selenium.devtools.CdpVersionFinder findNearestMatch
INFO: Found CDP implementation for version 106 of 104
]]></system-err>
  </testcase>
  <testcase name="testClickOnBrand[1]" classname="TestPackage.CarTest" time="0.01">
    <system-out><![CDATA[09:07:46.991 [main] INFO  - 
  _____   ___   ___   _____     ___     _     ___   ___   ___   ___  
 |_   _| | __| / __| |_   _|   | _ \   /_\   / __| / __| | __| |   \ 
   | |   | _|  \__ \   | |     |  _/  / _ \  \__ \ \__ \ | _|  | |) |
   |_|   |___| |___/   |_|     |_|   /_/ \_\ |___/ |___/ |___| |___/ 

Test find new cars
----------------------------------------------------------------------
09:07:47.029 [Driver Command Executor] DEBUG org.asynchttpclient.netty.request.NettyRequestSender - Using pooled Channel '[id: 0xf9aeb849, L:/127.0.0.1:50220 - R:localhost/127.0.0.1:49260]' for 'DELETE' to 'http://localhost:49260/session/771ef4bd4df6003c4aa6a82a417c8a62'
09:07:47.029 [Driver Command Executor] DEBUG org.asynchttpclient.netty.request.NettyRequestSender - Using open Channel [id: 0xf9aeb849, L:/127.0.0.1:50220 - R:localhost/127.0.0.1:49260] for DELETE '/session/771ef4bd4df6003c4aa6a82a417c8a62'
09:07:47.190 [AsyncHttpClient-1-2] DEBUG org.asynchttpclient.netty.handler.HttpHandler - 

Request DefaultFullHttpRequest(decodeResult: success, version: HTTP/1.1, content: EmptyByteBufBE)
DELETE /session/771ef4bd4df6003c4aa6a82a417c8a62 HTTP/1.1
User-Agent: selenium/4.4.0 (java windows)
Content-Type: application/json; charset=utf-8
host: localhost:49260
accept: */*

Response DefaultHttpResponse(decodeResult: success, version: HTTP/1.1)
HTTP/1.1 200 OK
Content-Type: application/json; charset=utf-8
cache-control: no-cache
content-length: 14

09:07:47.190 [AsyncHttpClient-1-2] DEBUG org.asynchttpclient.netty.channel.ChannelManager - Adding key: http://localhost:49260 for channel [id: 0xf9aeb849, L:/127.0.0.1:50220 - R:localhost/127.0.0.1:49260]
09:07:47.285 [AsyncHttpClient-1-4] DEBUG org.asynchttpclient.netty.handler.WebSocketHandler - Unexpected I/O exception on channel [id: 0xc45cc37c, L:/127.0.0.1:50229 - R:localhost/127.0.0.1:50221]
java.io.IOException: An existing connection was forcibly closed by the remote host
	at sun.nio.ch.SocketDispatcher.read0(Native Method)
	at sun.nio.ch.SocketDispatcher.read(SocketDispatcher.java:43)
	at sun.nio.ch.IOUtil.readIntoNativeBuffer(IOUtil.java:223)
	at sun.nio.ch.IOUtil.read(IOUtil.java:192)
	at sun.nio.ch.SocketChannelImpl.read(SocketChannelImpl.java:378)
	at io.netty.buffer.PooledByteBuf.setBytes(PooledByteBuf.java:258)
	at io.netty.buffer.AbstractByteBuf.writeBytes(AbstractByteBuf.java:1132)
	at io.netty.channel.socket.nio.NioSocketChannel.doReadBytes(NioSocketChannel.java:357)
	at io.netty.channel.nio.AbstractNioByteChannel$NioByteUnsafe.read(AbstractNioByteChannel.java:151)
	at io.netty.channel.nio.NioEventLoop.processSelectedKey(NioEventLoop.java:722)
	at io.netty.channel.nio.NioEventLoop.processSelectedKeysOptimized(NioEventLoop.java:658)
	at io.netty.channel.nio.NioEventLoop.processSelectedKeys(NioEventLoop.java:584)
	at io.netty.channel.nio.NioEventLoop.run(NioEventLoop.java:496)
	at io.netty.util.concurrent.SingleThreadEventExecutor$4.run(SingleThreadEventExecutor.java:997)
	at io.netty.util.internal.ThreadExecutorMap$2.run(ThreadExecutorMap.java:74)
	at io.netty.util.concurrent.FastThreadLocalRunnable.run(FastThreadLocalRunnable.java:30)
	at java.lang.Thread.run(Thread.java:748)
09:07:47.285 [AsyncHttpClient-1-3] DEBUG org.asynchttpclient.netty.handler.HttpHandler - Unexpected I/O exception on channel [id: 0x13fc99f6, L:/127.0.0.1:50228 - R:localhost/127.0.0.1:50221]
java.io.IOException: An existing connection was forcibly closed by the remote host
	at sun.nio.ch.SocketDispatcher.read0(Native Method)
	at sun.nio.ch.SocketDispatcher.read(SocketDispatcher.java:43)
	at sun.nio.ch.IOUtil.readIntoNativeBuffer(IOUtil.java:223)
	at sun.nio.ch.IOUtil.read(IOUtil.java:192)
	at sun.nio.ch.SocketChannelImpl.read(SocketChannelImpl.java:378)
	at io.netty.buffer.PooledByteBuf.setBytes(PooledByteBuf.java:258)
	at io.netty.buffer.AbstractByteBuf.writeBytes(AbstractByteBuf.java:1132)
	at io.netty.channel.socket.nio.NioSocketChannel.doReadBytes(NioSocketChannel.java:357)
	at io.netty.channel.nio.AbstractNioByteChannel$NioByteUnsafe.read(AbstractNioByteChannel.java:151)
	at io.netty.channel.nio.NioEventLoop.processSelectedKey(NioEventLoop.java:722)
	at io.netty.channel.nio.NioEventLoop.processSelectedKeysOptimized(NioEventLoop.java:658)
	at io.netty.channel.nio.NioEventLoop.processSelectedKeys(NioEventLoop.java:584)
	at io.netty.channel.nio.NioEventLoop.run(NioEventLoop.java:496)
	at io.netty.util.concurrent.SingleThreadEventExecutor$4.run(SingleThreadEventExecutor.java:997)
	at io.netty.util.internal.ThreadExecutorMap$2.run(ThreadExecutorMap.java:74)
	at io.netty.util.concurrent.FastThreadLocalRunnable.run(FastThreadLocalRunnable.java:30)
	at java.lang.Thread.run(Thread.java:748)
09:07:47.285 [AsyncHttpClient-1-3] DEBUG org.asynchttpclient.netty.channel.ChannelManager - Closing Channel [id: 0x13fc99f6, L:/127.0.0.1:50228 - R:localhost/127.0.0.1:50221] 
09:07:47.285 [AsyncHttpClient-1-4] DEBUG org.asynchttpclient.netty.handler.WebSocketHandler - Trying to recover from dead Channel: [id: 0xc45cc37c, L:/127.0.0.1:50229 - R:localhost/127.0.0.1:50221]
09:07:47.286 [AsyncHttpClient-1-4] DEBUG org.asynchttpclient.netty.handler.WebSocketHandler - Channel Closed: [id: 0xc45cc37c, L:/127.0.0.1:50229 ! R:localhost/127.0.0.1:50221] with attribute NettyResponseFuture{currentRetry=0,
	isDone=1,
	isCancelled=0,
	asyncHandler=org.asynchttpclient.ws.WebSocketUpgradeHandler@43e51075,
	nettyRequest=org.asynchttpclient.netty.request.NettyRequest@73d5889f,
	future=java.util.concurrent.CompletableFuture@1b4b11be[Completed normally],
	uri=ws://localhost:50221/devtools/browser/a6318ec6-ef09-4602-8732-72338cb59464,
	keepAlive=true,
	redirectCount=0,
	timeoutsHolder=null,
	inAuth=0,
	touch=1666928267285}
09:07:47.286 [AsyncHttpClient-1-4] DEBUG org.asynchttpclient.netty.channel.ChannelManager - Closing Channel [id: 0xc45cc37c, L:/127.0.0.1:50229 ! R:localhost/127.0.0.1:50221] 
09:07:47.287 [AsyncHttpClient-1-3] DEBUG org.asynchttpclient.netty.handler.HttpHandler - Channel Closed: [id: 0x13fc99f6, L:/127.0.0.1:50228 ! R:localhost/127.0.0.1:50221] with attribute DISCARD
09:07:47.378 [AsyncHttpClient-1-1] DEBUG org.asynchttpclient.netty.channel.DefaultChannelPool - Entry count for : http://localhost:49260 : 1
09:07:47.378 [AsyncHttpClient-1-1] DEBUG org.asynchttpclient.netty.channel.DefaultChannelPool - Entry count for : http://localhost:50221 : 1
09:07:47.378 [AsyncHttpClient-1-1] DEBUG org.asynchttpclient.netty.channel.DefaultChannelPool - Adding Candidate expired Channel [id: 0x13fc99f6, L:/127.0.0.1:50228 ! R:localhost/127.0.0.1:50221] isIdleTimeoutExpired=false isRemotelyClosed=true isTtlExpired=false
09:07:47.379 [AsyncHttpClient-1-1] DEBUG org.asynchttpclient.netty.channel.DefaultChannelPool - Closing Idle Channel [id: 0x13fc99f6, L:/127.0.0.1:50228 ! R:localhost/127.0.0.1:50221]
09:07:47.379 [AsyncHttpClient-1-1] DEBUG org.asynchttpclient.netty.channel.DefaultChannelPool - Closed 1 connections out of 2 in 1 ms
09:07:47.544 [AsyncHttpClient-1-2] DEBUG org.asynchttpclient.netty.handler.HttpHandler - Channel Closed: [id: 0xf9aeb849, L:/127.0.0.1:50220 ! R:localhost/127.0.0.1:49260] with attribute DISCARD
09:07:48.072 [main] DEBUG net.serenitybdd.core.photography.Darkroom - Closing darkroom
09:07:48.072 [Darkroom Processing Line] DEBUG net.serenitybdd.core.photography.DarkroomProcessingLine - Darkroom processing line shutting down
09:07:48.076 [main] DEBUG net.thucydides.core.steps.StepEventBus - Test suite started for class TestPackage.CarTest
09:07:48.076 [main] INFO  - Test Suite Started: Car test
09:07:48.077 [main] INFO  - 
  _____   ___   ___   _____     ___   _____     _     ___   _____   ___   ___  
 |_   _| | __| / __| |_   _|   / __| |_   _|   /_\   | _ \ |_   _| | __| |   \ 
   | |   | _|  \__ \   | |     \__ \   | |    / _ \  |   /   | |   | _|  | |) |
   |_|   |___| |___/   |_|     |___/   |_|   /_/ \_\ |_|_\   |_|   |___| |___/ 

testClickOnBrand[1]
--------------------------------------------------------------------------------
09:07:48.104 [main] DEBUG net.thucydides.core.steps.StepInterceptor - STARTING STEP: CarTest.testClickOnBrand - stepsClickOnMarutiSuzuki
09:07:48.108 [main] DEBUG net.thucydides.core.steps.StepInterceptor - STEP DONE: stepsClickOnMarutiSuzuki
]]></system-out>
  </testcase>
  <testcase name="testFindNewCars[1]" classname="TestPackage.CarTest" time="7.979">
    <system-out><![CDATA[09:07:48.108 [main] INFO  - 
  _____   ___   ___   _____     ___     _     ___   ___   ___   ___  
 |_   _| | __| / __| |_   _|   | _ \   /_\   / __| / __| | __| |   \ 
   | |   | _|  \__ \   | |     |  _/  / _ \  \__ \ \__ \ | _|  | |) |
   |_|   |___| |___/   |_|     |_|   /_/ \_\ |___/ |___/ |___| |___/ 

Test click on brand
----------------------------------------------------------------------
09:07:48.109 [main] INFO  - 
  _____   ___   ___   _____     ___   _____     _     ___   _____   ___   ___  
 |_   _| | __| / __| |_   _|   / __| |_   _|   /_\   | _ \ |_   _| | __| |   \ 
   | |   | _|  \__ \   | |     \__ \   | |    / _ \  |   /   | |   | _|  | |) |
   |_|   |___| |___/   |_|     |___/   |_|   /_/ \_\ |_|_\   |_|   |___| |___/ 

testFindNewCars[1]
--------------------------------------------------------------------------------
09:07:48.112 [main] DEBUG net.thucydides.core.steps.StepInterceptor - STARTING STEP: CarTest.testFindNewCars - stepsFindNewCars
09:07:48.162 [main] INFO net.serenitybdd.core.webdriver.driverproviders.ChromeDriverProvider - Starting Chrome driver instance with capabilities:
09:07:48.162 [main] INFO net.serenitybdd.core.webdriver.driverproviders.ChromeDriverProvider - Capabilities {acceptInsecureCerts: false, browserName: chrome, goog:chromeOptions: {args: [--disable-extensions], extensions: []}}
09:07:48.481 [AsyncHttpClient-1-1] DEBUG org.asynchttpclient.netty.channel.DefaultChannelPool - Entry count for : http://localhost:49260 : 1
09:07:48.482 [AsyncHttpClient-1-1] DEBUG org.asynchttpclient.netty.channel.DefaultChannelPool - Adding Candidate expired Channel [id: 0xf9aeb849, L:/127.0.0.1:50220 ! R:localhost/127.0.0.1:49260] isIdleTimeoutExpired=false isRemotelyClosed=true isTtlExpired=false
09:07:48.482 [AsyncHttpClient-1-1] DEBUG org.asynchttpclient.netty.channel.DefaultChannelPool - Closing Idle Channel [id: 0xf9aeb849, L:/127.0.0.1:50220 ! R:localhost/127.0.0.1:49260]
09:07:48.482 [AsyncHttpClient-1-1] DEBUG org.asynchttpclient.netty.channel.DefaultChannelPool - Closed 1 connections out of 1 in 0 ms
09:07:48.696 [AsyncHttpClient-1-5] DEBUG org.asynchttpclient.netty.channel.NettyConnectListener - Using new Channel '[id: 0x55c1e3b5, L:/127.0.0.1:50298 - R:localhost/127.0.0.1:62977]' for 'POST' to '/session'
09:07:49.867 [AsyncHttpClient-1-5] DEBUG org.asynchttpclient.netty.handler.HttpHandler - 

Request DefaultHttpRequest(decodeResult: success, version: HTTP/1.1)
POST /session HTTP/1.1
User-Agent: selenium/4.4.0 (java windows)
Content-Length: 503
Content-Type: application/json; charset=utf-8
host: localhost:62977
accept: */*

Response DefaultHttpResponse(decodeResult: success, version: HTTP/1.1)
HTTP/1.1 200 OK
Content-Type: application/json; charset=utf-8
cache-control: no-cache
content-length: 792

09:07:49.868 [AsyncHttpClient-1-5] DEBUG org.asynchttpclient.netty.channel.ChannelManager - Adding key: http://localhost:62977 for channel [id: 0x55c1e3b5, L:/127.0.0.1:50298 - R:localhost/127.0.0.1:62977]
09:07:49.882 [AsyncHttpClient-1-6] DEBUG org.asynchttpclient.netty.channel.NettyConnectListener - Using new Channel '[id: 0xc42ad715, L:/127.0.0.1:50304 - R:localhost/127.0.0.1:50299]' for 'GET' to '/json/version'
09:07:49.883 [AsyncHttpClient-1-6] DEBUG org.asynchttpclient.netty.handler.HttpHandler - 

Request DefaultFullHttpRequest(decodeResult: success, version: HTTP/1.1, content: EmptyByteBufBE)
GET /json/version HTTP/1.1
User-Agent: selenium/4.4.0 (java windows)
host: localhost:50299
accept: */*

Response DefaultHttpResponse(decodeResult: success, version: HTTP/1.1)
HTTP/1.1 200 OK
Content-Type: application/json; charset=UTF-8
content-length: 424

09:07:49.883 [AsyncHttpClient-1-6] DEBUG org.asynchttpclient.netty.channel.ChannelManager - Adding key: http://localhost:50299 for channel [id: 0xc42ad715, L:/127.0.0.1:50304 - R:localhost/127.0.0.1:50299]
09:07:49.888 [AsyncHttpClient-1-7] DEBUG org.asynchttpclient.netty.channel.NettyConnectListener - Using new Channel '[id: 0x684d4ad5, L:/127.0.0.1:50305 - R:localhost/127.0.0.1:50299]' for 'GET' to '/devtools/browser/902ced98-fa27-4dec-9edf-134b1eabc854'
09:07:49.890 [AsyncHttpClient-1-7] DEBUG org.asynchttpclient.netty.handler.WebSocketHandler - 

Request DefaultFullHttpRequest(decodeResult: success, version: HTTP/1.1, content: EmptyByteBufBE)
GET /devtools/browser/902ced98-fa27-4dec-9edf-134b1eabc854 HTTP/1.1
upgrade: websocket
connection: upgrade
sec-websocket-key: ifiTrH5kq9putAqqEcf0vw==
sec-websocket-version: 13
origin: http://localhost:50299
host: localhost:50299
accept: */*
user-agent: AHC/2.1

Response DefaultHttpResponse(decodeResult: success, version: HTTP/1.1)
HTTP/1.1 101 WebSocket Protocol Handshake
Upgrade: WebSocket
Connection: Upgrade
Sec-WebSocket-Accept: oQi4v5JpSB0/QInMcfjzNhuZmhc=

09:07:49.893 [Forwarding maximizeCurrentWindow on session 98f13f917c569949750d08d243e1af47 to remote] DEBUG org.asynchttpclient.netty.request.NettyRequestSender - Using pooled Channel '[id: 0x55c1e3b5, L:/127.0.0.1:50298 - R:localhost/127.0.0.1:62977]' for 'POST' to 'http://localhost:62977/session/98f13f917c569949750d08d243e1af47/window/maximize'
09:07:49.893 [Forwarding maximizeCurrentWindow on session 98f13f917c569949750d08d243e1af47 to remote] DEBUG org.asynchttpclient.netty.request.NettyRequestSender - Using open Channel [id: 0x55c1e3b5, L:/127.0.0.1:50298 - R:localhost/127.0.0.1:62977] for POST '/session/98f13f917c569949750d08d243e1af47/window/maximize'
09:07:50.009 [AsyncHttpClient-1-5] DEBUG org.asynchttpclient.netty.handler.HttpHandler - 

Request DefaultHttpRequest(decodeResult: success, version: HTTP/1.1)
POST /session/98f13f917c569949750d08d243e1af47/window/maximize HTTP/1.1
User-Agent: selenium/4.4.0 (java windows)
Content-Length: 3
Content-Type: application/json; charset=utf-8
host: localhost:62977
accept: */*

Response DefaultHttpResponse(decodeResult: success, version: HTTP/1.1)
HTTP/1.1 200 OK
Content-Type: application/json; charset=utf-8
cache-control: no-cache
content-length: 51

09:07:50.010 [AsyncHttpClient-1-5] DEBUG org.asynchttpclient.netty.channel.ChannelManager - Adding key: http://localhost:62977 for channel [id: 0x55c1e3b5, L:/127.0.0.1:50298 - R:localhost/127.0.0.1:62977]
09:07:50.011 [Forwarding get on session 98f13f917c569949750d08d243e1af47 to remote] DEBUG org.asynchttpclient.netty.request.NettyRequestSender - Using pooled Channel '[id: 0x55c1e3b5, L:/127.0.0.1:50298 - R:localhost/127.0.0.1:62977]' for 'POST' to 'http://localhost:62977/session/98f13f917c569949750d08d243e1af47/url'
09:07:50.012 [Forwarding get on session 98f13f917c569949750d08d243e1af47 to remote] DEBUG org.asynchttpclient.netty.request.NettyRequestSender - Using open Channel [id: 0x55c1e3b5, L:/127.0.0.1:50298 - R:localhost/127.0.0.1:62977] for POST '/session/98f13f917c569949750d08d243e1af47/url'
09:07:50.682 [AsyncHttpClient-1-1] DEBUG org.asynchttpclient.netty.channel.DefaultChannelPool - Entry count for : http://localhost:50299 : 1
09:07:51.777 [AsyncHttpClient-1-1] DEBUG org.asynchttpclient.netty.channel.DefaultChannelPool - Entry count for : http://localhost:50299 : 1
09:07:52.877 [AsyncHttpClient-1-1] DEBUG org.asynchttpclient.netty.channel.DefaultChannelPool - Entry count for : http://localhost:50299 : 1
09:07:53.983 [AsyncHttpClient-1-1] DEBUG org.asynchttpclient.netty.channel.DefaultChannelPool - Entry count for : http://localhost:50299 : 1
09:07:55.078 [AsyncHttpClient-1-1] DEBUG org.asynchttpclient.netty.channel.DefaultChannelPool - Entry count for : http://localhost:50299 : 1
09:07:55.619 [AsyncHttpClient-1-5] DEBUG org.asynchttpclient.netty.handler.HttpHandler - 

Request DefaultHttpRequest(decodeResult: success, version: HTTP/1.1)
POST /session/98f13f917c569949750d08d243e1af47/url HTTP/1.1
User-Agent: selenium/4.4.0 (java windows)
Content-Length: 211
Content-Type: application/json; charset=utf-8
host: localhost:62977
accept: */*

Response DefaultHttpResponse(decodeResult: success, version: HTTP/1.1)
HTTP/1.1 200 OK
Content-Type: application/json; charset=utf-8
cache-control: no-cache
content-length: 14

09:07:55.619 [AsyncHttpClient-1-5] DEBUG org.asynchttpclient.netty.channel.ChannelManager - Adding key: http://localhost:62977 for channel [id: 0x55c1e3b5, L:/127.0.0.1:50298 - R:localhost/127.0.0.1:62977]
09:07:55.620 [Forwarding setTimeout on session 98f13f917c569949750d08d243e1af47 to remote] DEBUG org.asynchttpclient.netty.request.NettyRequestSender - Using pooled Channel '[id: 0x55c1e3b5, L:/127.0.0.1:50298 - R:localhost/127.0.0.1:62977]' for 'POST' to 'http://localhost:62977/session/98f13f917c569949750d08d243e1af47/timeouts'
09:07:55.620 [Forwarding setTimeout on session 98f13f917c569949750d08d243e1af47 to remote] DEBUG org.asynchttpclient.netty.request.NettyRequestSender - Using open Channel [id: 0x55c1e3b5, L:/127.0.0.1:50298 - R:localhost/127.0.0.1:62977] for POST '/session/98f13f917c569949750d08d243e1af47/timeouts'
09:07:55.622 [AsyncHttpClient-1-5] DEBUG org.asynchttpclient.netty.handler.HttpHandler - 

Request DefaultHttpRequest(decodeResult: success, version: HTTP/1.1)
POST /session/98f13f917c569949750d08d243e1af47/timeouts HTTP/1.1
User-Agent: selenium/4.4.0 (java windows)
Content-Length: 22
Content-Type: application/json; charset=utf-8
host: localhost:62977
accept: */*

Response DefaultHttpResponse(decodeResult: success, version: HTTP/1.1)
HTTP/1.1 200 OK
Content-Type: application/json; charset=utf-8
cache-control: no-cache
content-length: 14

09:07:55.622 [AsyncHttpClient-1-5] DEBUG org.asynchttpclient.netty.channel.ChannelManager - Adding key: http://localhost:62977 for channel [id: 0x55c1e3b5, L:/127.0.0.1:50298 - R:localhost/127.0.0.1:62977]
09:07:55.629 [Forwarding getCurrentUrl on session 98f13f917c569949750d08d243e1af47 to remote] DEBUG org.asynchttpclient.netty.request.NettyRequestSender - Using pooled Channel '[id: 0x55c1e3b5, L:/127.0.0.1:50298 - R:localhost/127.0.0.1:62977]' for 'GET' to 'http://localhost:62977/session/98f13f917c569949750d08d243e1af47/url'
09:07:55.629 [Forwarding getCurrentUrl on session 98f13f917c569949750d08d243e1af47 to remote] DEBUG org.asynchttpclient.netty.request.NettyRequestSender - Using open Channel [id: 0x55c1e3b5, L:/127.0.0.1:50298 - R:localhost/127.0.0.1:62977] for GET '/session/98f13f917c569949750d08d243e1af47/url'
09:07:55.634 [AsyncHttpClient-1-5] DEBUG org.asynchttpclient.netty.handler.HttpHandler - 

Request DefaultFullHttpRequest(decodeResult: success, version: HTTP/1.1, content: EmptyByteBufBE)
GET /session/98f13f917c569949750d08d243e1af47/url HTTP/1.1
User-Agent: selenium/4.4.0 (java windows)
Cache-Control: no-cache
Content-Type: application/json; charset=utf-8
host: localhost:62977
accept: */*

Response DefaultHttpResponse(decodeResult: success, version: HTTP/1.1)
HTTP/1.1 200 OK
Content-Type: application/json; charset=utf-8
cache-control: no-cache
content-length: 173

09:07:55.634 [AsyncHttpClient-1-5] DEBUG org.asynchttpclient.netty.channel.ChannelManager - Adding key: http://localhost:62977 for channel [id: 0x55c1e3b5, L:/127.0.0.1:50298 - R:localhost/127.0.0.1:62977]
09:07:55.637 [Forwarding getCurrentUrl on session 98f13f917c569949750d08d243e1af47 to remote] DEBUG org.asynchttpclient.netty.request.NettyRequestSender - Using pooled Channel '[id: 0x55c1e3b5, L:/127.0.0.1:50298 - R:localhost/127.0.0.1:62977]' for 'GET' to 'http://localhost:62977/session/98f13f917c569949750d08d243e1af47/url'
09:07:55.637 [Forwarding getCurrentUrl on session 98f13f917c569949750d08d243e1af47 to remote] DEBUG org.asynchttpclient.netty.request.NettyRequestSender - Using open Channel [id: 0x55c1e3b5, L:/127.0.0.1:50298 - R:localhost/127.0.0.1:62977] for GET '/session/98f13f917c569949750d08d243e1af47/url'
09:07:55.643 [AsyncHttpClient-1-5] DEBUG org.asynchttpclient.netty.handler.HttpHandler - 

Request DefaultFullHttpRequest(decodeResult: success, version: HTTP/1.1, content: EmptyByteBufBE)
GET /session/98f13f917c569949750d08d243e1af47/url HTTP/1.1
User-Agent: selenium/4.4.0 (java windows)
Cache-Control: no-cache
Content-Type: application/json; charset=utf-8
host: localhost:62977
accept: */*

Response DefaultHttpResponse(decodeResult: success, version: HTTP/1.1)
HTTP/1.1 200 OK
Content-Type: application/json; charset=utf-8
cache-control: no-cache
content-length: 173

09:07:55.643 [AsyncHttpClient-1-5] DEBUG org.asynchttpclient.netty.channel.ChannelManager - Adding key: http://localhost:62977 for channel [id: 0x55c1e3b5, L:/127.0.0.1:50298 - R:localhost/127.0.0.1:62977]
09:07:55.648 [Forwarding findElement on session 98f13f917c569949750d08d243e1af47 to remote] DEBUG org.asynchttpclient.netty.request.NettyRequestSender - Using pooled Channel '[id: 0x55c1e3b5, L:/127.0.0.1:50298 - R:localhost/127.0.0.1:62977]' for 'POST' to 'http://localhost:62977/session/98f13f917c569949750d08d243e1af47/element'
09:07:55.648 [Forwarding findElement on session 98f13f917c569949750d08d243e1af47 to remote] DEBUG org.asynchttpclient.netty.request.NettyRequestSender - Using open Channel [id: 0x55c1e3b5, L:/127.0.0.1:50298 - R:localhost/127.0.0.1:62977] for POST '/session/98f13f917c569949750d08d243e1af47/element'
09:07:55.660 [AsyncHttpClient-1-5] DEBUG org.asynchttpclient.netty.handler.HttpHandler - 

Request DefaultHttpRequest(decodeResult: success, version: HTTP/1.1)
POST /session/98f13f917c569949750d08d243e1af47/element HTTP/1.1
User-Agent: selenium/4.4.0 (java windows)
Content-Length: 71
Content-Type: application/json; charset=utf-8
host: localhost:62977
accept: */*

Response DefaultHttpResponse(decodeResult: success, version: HTTP/1.1)
HTTP/1.1 200 OK
Content-Type: application/json; charset=utf-8
cache-control: no-cache
content-length: 88

09:07:55.660 [AsyncHttpClient-1-5] DEBUG org.asynchttpclient.netty.channel.ChannelManager - Adding key: http://localhost:62977 for channel [id: 0x55c1e3b5, L:/127.0.0.1:50298 - R:localhost/127.0.0.1:62977]
09:07:55.663 [Forwarding actions on session 98f13f917c569949750d08d243e1af47 to remote] DEBUG org.asynchttpclient.netty.request.NettyRequestSender - Using pooled Channel '[id: 0x55c1e3b5, L:/127.0.0.1:50298 - R:localhost/127.0.0.1:62977]' for 'POST' to 'http://localhost:62977/session/98f13f917c569949750d08d243e1af47/actions'
09:07:55.663 [Forwarding actions on session 98f13f917c569949750d08d243e1af47 to remote] DEBUG org.asynchttpclient.netty.request.NettyRequestSender - Using open Channel [id: 0x55c1e3b5, L:/127.0.0.1:50298 - R:localhost/127.0.0.1:62977] for POST '/session/98f13f917c569949750d08d243e1af47/actions'
09:07:55.793 [AsyncHttpClient-1-5] DEBUG org.asynchttpclient.netty.handler.HttpHandler - 

Request DefaultHttpRequest(decodeResult: success, version: HTTP/1.1)
POST /session/98f13f917c569949750d08d243e1af47/actions HTTP/1.1
User-Agent: selenium/4.4.0 (java windows)
Content-Length: 480
Content-Type: application/json; charset=utf-8
host: localhost:62977
accept: */*

Response DefaultHttpResponse(decodeResult: success, version: HTTP/1.1)
HTTP/1.1 200 OK
Content-Type: application/json; charset=utf-8
cache-control: no-cache
content-length: 14

09:07:55.793 [AsyncHttpClient-1-5] DEBUG org.asynchttpclient.netty.channel.ChannelManager - Adding key: http://localhost:62977 for channel [id: 0x55c1e3b5, L:/127.0.0.1:50298 - R:localhost/127.0.0.1:62977]
09:07:55.799 [main] DEBUG net.serenitybdd.core.photography.Darkroom - Opening darkroom
09:07:55.800 [Darkroom Processing Line] DEBUG net.serenitybdd.core.photography.DarkroomProcessingLine - Darkroom processing line starting up
09:07:55.802 [Forwarding getCurrentWindowHandle on session 98f13f917c569949750d08d243e1af47 to remote] DEBUG org.asynchttpclient.netty.request.NettyRequestSender - Using pooled Channel '[id: 0x55c1e3b5, L:/127.0.0.1:50298 - R:localhost/127.0.0.1:62977]' for 'GET' to 'http://localhost:62977/session/98f13f917c569949750d08d243e1af47/window'
09:07:55.802 [Forwarding getCurrentWindowHandle on session 98f13f917c569949750d08d243e1af47 to remote] DEBUG org.asynchttpclient.netty.request.NettyRequestSender - Using open Channel [id: 0x55c1e3b5, L:/127.0.0.1:50298 - R:localhost/127.0.0.1:62977] for GET '/session/98f13f917c569949750d08d243e1af47/window'
09:07:55.803 [AsyncHttpClient-1-5] DEBUG org.asynchttpclient.netty.handler.HttpHandler - 

Request DefaultFullHttpRequest(decodeResult: success, version: HTTP/1.1, content: EmptyByteBufBE)
GET /session/98f13f917c569949750d08d243e1af47/window HTTP/1.1
User-Agent: selenium/4.4.0 (java windows)
Cache-Control: no-cache
Content-Type: application/json; charset=utf-8
host: localhost:62977
accept: */*

Response DefaultHttpResponse(decodeResult: success, version: HTTP/1.1)
HTTP/1.1 200 OK
Content-Type: application/json; charset=utf-8
cache-control: no-cache
content-length: 53

09:07:55.803 [AsyncHttpClient-1-5] DEBUG org.asynchttpclient.netty.channel.ChannelManager - Adding key: http://localhost:62977 for channel [id: 0x55c1e3b5, L:/127.0.0.1:50298 - R:localhost/127.0.0.1:62977]
09:07:55.806 [Forwarding getAlertText on session 98f13f917c569949750d08d243e1af47 to remote] DEBUG org.asynchttpclient.netty.request.NettyRequestSender - Using pooled Channel '[id: 0x55c1e3b5, L:/127.0.0.1:50298 - R:localhost/127.0.0.1:62977]' for 'GET' to 'http://localhost:62977/session/98f13f917c569949750d08d243e1af47/alert/text'
09:07:55.806 [Forwarding getAlertText on session 98f13f917c569949750d08d243e1af47 to remote] DEBUG org.asynchttpclient.netty.request.NettyRequestSender - Using open Channel [id: 0x55c1e3b5, L:/127.0.0.1:50298 - R:localhost/127.0.0.1:62977] for GET '/session/98f13f917c569949750d08d243e1af47/alert/text'
09:07:55.808 [AsyncHttpClient-1-5] DEBUG org.asynchttpclient.netty.handler.HttpHandler - 

Request DefaultFullHttpRequest(decodeResult: success, version: HTTP/1.1, content: EmptyByteBufBE)
GET /session/98f13f917c569949750d08d243e1af47/alert/text HTTP/1.1
User-Agent: selenium/4.4.0 (java windows)
Cache-Control: no-cache
Content-Type: application/json; charset=utf-8
host: localhost:62977
accept: */*

Response DefaultHttpResponse(decodeResult: success, version: HTTP/1.1)
HTTP/1.1 404 Not Found
Content-Type: application/json; charset=utf-8
cache-control: no-cache
content-length: 899

09:07:55.808 [AsyncHttpClient-1-5] DEBUG org.asynchttpclient.netty.channel.ChannelManager - Adding key: http://localhost:62977 for channel [id: 0x55c1e3b5, L:/127.0.0.1:50298 - R:localhost/127.0.0.1:62977]
09:07:55.810 [Forwarding switchToWindow on session 98f13f917c569949750d08d243e1af47 to remote] DEBUG org.asynchttpclient.netty.request.NettyRequestSender - Using pooled Channel '[id: 0x55c1e3b5, L:/127.0.0.1:50298 - R:localhost/127.0.0.1:62977]' for 'POST' to 'http://localhost:62977/session/98f13f917c569949750d08d243e1af47/window'
09:07:55.810 [Forwarding switchToWindow on session 98f13f917c569949750d08d243e1af47 to remote] DEBUG org.asynchttpclient.netty.request.NettyRequestSender - Using open Channel [id: 0x55c1e3b5, L:/127.0.0.1:50298 - R:localhost/127.0.0.1:62977] for POST '/session/98f13f917c569949750d08d243e1af47/window'
09:07:55.812 [AsyncHttpClient-1-5] DEBUG org.asynchttpclient.netty.handler.HttpHandler - 

Request DefaultHttpRequest(decodeResult: success, version: HTTP/1.1)
POST /session/98f13f917c569949750d08d243e1af47/window HTTP/1.1
User-Agent: selenium/4.4.0 (java windows)
Content-Length: 59
Content-Type: application/json; charset=utf-8
host: localhost:62977
accept: */*

Response DefaultHttpResponse(decodeResult: success, version: HTTP/1.1)
HTTP/1.1 200 OK
Content-Type: application/json; charset=utf-8
cache-control: no-cache
content-length: 14

09:07:55.812 [AsyncHttpClient-1-5] DEBUG org.asynchttpclient.netty.channel.ChannelManager - Adding key: http://localhost:62977 for channel [id: 0x55c1e3b5, L:/127.0.0.1:50298 - R:localhost/127.0.0.1:62977]
09:07:55.813 [Forwarding getCurrentUrl on session 98f13f917c569949750d08d243e1af47 to remote] DEBUG org.asynchttpclient.netty.request.NettyRequestSender - Using pooled Channel '[id: 0x55c1e3b5, L:/127.0.0.1:50298 - R:localhost/127.0.0.1:62977]' for 'GET' to 'http://localhost:62977/session/98f13f917c569949750d08d243e1af47/url'
09:07:55.814 [Forwarding getCurrentUrl on session 98f13f917c569949750d08d243e1af47 to remote] DEBUG org.asynchttpclient.netty.request.NettyRequestSender - Using open Channel [id: 0x55c1e3b5, L:/127.0.0.1:50298 - R:localhost/127.0.0.1:62977] for GET '/session/98f13f917c569949750d08d243e1af47/url'
09:07:55.817 [AsyncHttpClient-1-5] DEBUG org.asynchttpclient.netty.handler.HttpHandler - 

Request DefaultFullHttpRequest(decodeResult: success, version: HTTP/1.1, content: EmptyByteBufBE)
GET /session/98f13f917c569949750d08d243e1af47/url HTTP/1.1
User-Agent: selenium/4.4.0 (java windows)
Cache-Control: no-cache
Content-Type: application/json; charset=utf-8
host: localhost:62977
accept: */*

Response DefaultHttpResponse(decodeResult: success, version: HTTP/1.1)
HTTP/1.1 200 OK
Content-Type: application/json; charset=utf-8
cache-control: no-cache
content-length: 173

09:07:55.817 [AsyncHttpClient-1-5] DEBUG org.asynchttpclient.netty.channel.ChannelManager - Adding key: http://localhost:62977 for channel [id: 0x55c1e3b5, L:/127.0.0.1:50298 - R:localhost/127.0.0.1:62977]
09:07:55.818 [Forwarding screenshot on session 98f13f917c569949750d08d243e1af47 to remote] DEBUG org.asynchttpclient.netty.request.NettyRequestSender - Using pooled Channel '[id: 0x55c1e3b5, L:/127.0.0.1:50298 - R:localhost/127.0.0.1:62977]' for 'GET' to 'http://localhost:62977/session/98f13f917c569949750d08d243e1af47/screenshot'
09:07:55.819 [Forwarding screenshot on session 98f13f917c569949750d08d243e1af47 to remote] DEBUG org.asynchttpclient.netty.request.NettyRequestSender - Using open Channel [id: 0x55c1e3b5, L:/127.0.0.1:50298 - R:localhost/127.0.0.1:62977] for GET '/session/98f13f917c569949750d08d243e1af47/screenshot'
09:07:56.016 [AsyncHttpClient-1-5] DEBUG org.asynchttpclient.netty.handler.HttpHandler - 

Request DefaultFullHttpRequest(decodeResult: success, version: HTTP/1.1, content: EmptyByteBufBE)
GET /session/98f13f917c569949750d08d243e1af47/screenshot HTTP/1.1
User-Agent: selenium/4.4.0 (java windows)
Cache-Control: no-cache
Content-Type: application/json; charset=utf-8
host: localhost:62977
accept: */*

Response DefaultHttpResponse(decodeResult: success, version: HTTP/1.1)
HTTP/1.1 200 OK
Content-Type: application/json; charset=utf-8
cache-control: no-cache
content-length: 437864

09:07:56.018 [AsyncHttpClient-1-5] DEBUG org.asynchttpclient.netty.channel.ChannelManager - Adding key: http://localhost:62977 for channel [id: 0x55c1e3b5, L:/127.0.0.1:50298 - R:localhost/127.0.0.1:62977]
09:07:56.036 [main] DEBUG net.serenitybdd.core.photography.Darkroom - Send negative for processing for target\site\serenity\60bc505de4270c3eb189a5d9266a4c22ae6981d0a91ff761535a8a1db853e9e1.png
09:07:56.036 [main] DEBUG net.thucydides.core.steps.StepInterceptor - STEP DONE: stepsFindNewCars
]]></system-out>
    <system-err><![CDATA[Starting ChromeDriver 106.0.5249.61 (511755355844955cd3e264779baf0dd38212a4d0-refs/branch-heads/5249@{#569}) on port 62977
Only local connections are allowed.
Please see https://chromedriver.chromium.org/security-considerations for suggestions on keeping ChromeDriver safe.
ChromeDriver was started successfully.
Oct 28, 2022 9:07:49 AM org.openqa.selenium.remote.ProtocolHandshake createSession
INFO: Detected upstream dialect: W3C
Oct 28, 2022 9:07:49 AM org.openqa.selenium.devtools.CdpVersionFinder findNearestMatch
WARNING: Unable to find an exact match for CDP version 106, so returning the closest version found: 104
Oct 28, 2022 9:07:49 AM org.openqa.selenium.devtools.CdpVersionFinder findNearestMatch
INFO: Found CDP implementation for version 106 of 104
]]></system-err>
  </testcase>
</testsuite>